Watching for file changes with StatReloader
"GET / HTTP/1.1" 200 13272
"GET /static/images/ratnaglobal_logo.png HTTP/1.1" 200 7938
"GET /static/images/loginimg.png HTTP/1.1" 200 331530
Login page accessed!
New employee details are entered and saving into database
Entered employee mail: venugopal.pemma@ratnaglobaltech.com
OTP is generated 1156
Otp is sent to employee mail-id: venugopal.pemma@ratnaglobaltech.com
Employee details are saved into database
Employee is redirected to otp validation page!
"POST / HTTP/1.1" 200 11718
OTP validation is accessed!
OTP is verified successfully
Employee checked keep me signed: True
Employee logged-in successfully
"POST /validate/ HTTP/1.1" 302 0
Dashboard page is accessed!
Employee overall Progress: 0 %
"GET /validate/dashboard/ HTTP/1.1" 200 13422
"GET /static/images/ratnaglobal_logo.png HTTP/1.1" 304 0
"GET /static/images/dashboard.png HTTP/1.1" 404 1819
"GET /admin HTTP/1.1" 301 0
"GET /admin/ HTTP/1.1" 302 0
"GET /admin/login/?next=/admin/ HTTP/1.1" 200 2390
"GET /static/admin/css/dark_mode.css HTTP/1.1" 200 796
"GET /static/admin/css/base.css HTTP/1.1" 200 20344
"GET /static/admin/css/nav_sidebar.css HTTP/1.1" 200 2619
"GET /static/admin/css/login.css HTTP/1.1" 200 958
"GET /static/admin/css/responsive.css HTTP/1.1" 200 18854
"GET /static/admin/css/fonts.css HTTP/1.1" 200 423
"GET /static/admin/js/nav_sidebar.js HTTP/1.1" 200 3763
"GET /static/admin/fonts/Roboto-Regular-webfont.woff HTTP/1.1" 200 85876
"GET /static/admin/fonts/Roboto-Light-webfont.woff HTTP/1.1" 200 85692
"GET /static/admin/fonts/Roboto-Bold-webfont.woff HTTP/1.1" 200 86184
"POST /admin/login/?next=/admin/ HTTP/1.1" 302 0
"GET /admin/ HTTP/1.1" 200 11461
"GET /static/admin/css/dashboard.css HTTP/1.1" 200 380
"GET /static/admin/img/icon-changelink.svg HTTP/1.1" 200 380
"GET /static/admin/img/icon-addlink.svg HTTP/1.1" 200 331
"GET /admin/home/category/ HTTP/1.1" 200 12643
"GET /admin/jsi18n/ HTTP/1.1" 200 3343
"GET /static/admin/css/changelists.css HTTP/1.1" 200 6395
"GET /static/admin/js/jquery.init.js HTTP/1.1" 200 347
"GET /static/admin/js/core.js HTTP/1.1" 200 5698
"GET /static/admin/js/admin/RelatedObjectLookups.js HTTP/1.1" 200 8985
"GET /static/admin/js/urlify.js HTTP/1.1" 200 7902
"GET /static/admin/js/actions.js HTTP/1.1" 200 7872
"GET /static/admin/js/prepopulate.js HTTP/1.1" 200 1531
"GET /static/admin/js/vendor/jquery/jquery.js HTTP/1.1" 200 288580
"GET /static/admin/js/filters.js HTTP/1.1" 200 966
"GET /static/admin/js/vendor/xregexp/xregexp.js HTTP/1.1" 200 232381
"GET /static/admin/img/tooltag-add.svg HTTP/1.1" 200 331
"GET /admin/home/category/add/ HTTP/1.1" 200 9079
"GET /static/admin/css/base.css HTTP/1.1" 304 0
"GET /static/admin/css/nav_sidebar.css HTTP/1.1" 304 0
"GET /static/admin/css/dark_mode.css HTTP/1.1" 304 0
"GET /static/admin/css/responsive.css HTTP/1.1" 304 0
"GET /admin/jsi18n/ HTTP/1.1" 200 3343
"GET /static/admin/css/fonts.css HTTP/1.1" 304 0
"GET /static/admin/css/forms.css HTTP/1.1" 200 8944
"GET /static/admin/js/nav_sidebar.js HTTP/1.1" 304 0
"GET /static/admin/js/prepopulate_init.js HTTP/1.1" 200 586
"GET /static/admin/css/widgets.css HTTP/1.1" 200 11297
"GET /static/admin/js/change_form.js HTTP/1.1" 200 606
"GET /static/admin/fonts/Roboto-Regular-webfont.woff HTTP/1.1" 304 0
"GET /static/admin/fonts/Roboto-Light-webfont.woff HTTP/1.1" 304 0
"GET /static/admin/fonts/Roboto-Bold-webfont.woff HTTP/1.1" 304 0
"POST /admin/home/category/add/ HTTP/1.1" 302 0
"GET /admin/home/category/ HTTP/1.1" 200 13154
"GET /static/admin/css/base.css HTTP/1.1" 304 0
"GET /static/admin/css/dark_mode.css HTTP/1.1" 304 0
"GET /static/admin/css/nav_sidebar.css HTTP/1.1" 304 0
"GET /static/admin/css/changelists.css HTTP/1.1" 304 0
"GET /static/admin/js/core.js HTTP/1.1" 304 0
"GET /static/admin/js/vendor/jquery/jquery.js HTTP/1.1" 304 0
"GET /static/admin/css/responsive.css HTTP/1.1" 304 0
"GET /static/admin/js/jquery.init.js HTTP/1.1" 304 0
"GET /static/admin/js/admin/RelatedObjectLookups.js HTTP/1.1" 304 0
"GET /static/admin/css/fonts.css HTTP/1.1" 304 0
"GET /static/admin/js/actions.js HTTP/1.1" 304 0
"GET /static/admin/js/urlify.js HTTP/1.1" 304 0
"GET /static/admin/js/vendor/xregexp/xregexp.js HTTP/1.1" 304 0
"GET /static/admin/js/prepopulate.js HTTP/1.1" 304 0
"GET /admin/jsi18n/ HTTP/1.1" 200 3343
"GET /static/admin/js/nav_sidebar.js HTTP/1.1" 304 0
"GET /static/admin/js/filters.js HTTP/1.1" 304 0
"GET /static/admin/fonts/Roboto-Regular-webfont.woff HTTP/1.1" 304 0
"GET /static/admin/img/icon-addlink.svg HTTP/1.1" 304 0
"GET /static/admin/img/tooltag-add.svg HTTP/1.1" 304 0
"GET /static/admin/fonts/Roboto-Light-webfont.woff HTTP/1.1" 304 0
"GET /static/admin/fonts/Roboto-Bold-webfont.woff HTTP/1.1" 304 0
"GET /static/admin/img/icon-yes.svg HTTP/1.1" 200 436
"GET /admin/home/category/add/ HTTP/1.1" 200 9079
"GET /static/admin/css/forms.css HTTP/1.1" 304 0
"GET /static/admin/js/prepopulate_init.js HTTP/1.1" 304 0
"GET /static/admin/css/widgets.css HTTP/1.1" 304 0
"GET /admin/jsi18n/ HTTP/1.1" 200 3343
"GET /static/admin/js/change_form.js HTTP/1.1" 304 0
"GET /admin/home/category/ HTTP/1.1" 200 12919
"GET /admin/home/question/add/ HTTP/1.1" 200 21154
"GET /static/admin/css/base.css HTTP/1.1" 304 0
"GET /static/admin/css/dark_mode.css HTTP/1.1" 304 0
"GET /static/admin/css/nav_sidebar.css HTTP/1.1" 304 0
"GET /static/admin/js/jquery.init.js HTTP/1.1" 304 0
"GET /static/admin/js/core.js HTTP/1.1" 304 0
"GET /static/admin/js/admin/RelatedObjectLookups.js HTTP/1.1" 304 0
"GET /static/admin/js/vendor/jquery/jquery.js HTTP/1.1" 304 0
"GET /static/admin/js/actions.js HTTP/1.1" 304 0
"GET /static/admin/css/responsive.css HTTP/1.1" 304 0
"GET /static/admin/js/urlify.js HTTP/1.1" 304 0
"GET /static/admin/js/prepopulate.js HTTP/1.1" 304 0
"GET /admin/jsi18n/ HTTP/1.1" 200 3343
"GET /static/admin/css/fonts.css HTTP/1.1" 304 0
"GET /static/admin/js/vendor/xregexp/xregexp.js HTTP/1.1" 304 0
"GET /static/admin/js/inlines.js HTTP/1.1" 200 15526
"GET /static/admin/js/nav_sidebar.js HTTP/1.1" 304 0
"GET /static/admin/img/icon-changelink.svg HTTP/1.1" 304 0
"GET /static/admin/img/icon-viewlink.svg HTTP/1.1" 200 581
"GET /static/admin/img/inline-delete.svg HTTP/1.1" 200 560
"GET / HTTP/1.1" 200 13272
"GET /static/images/ratnaglobal_logo.png HTTP/1.1" 304 0
"GET /static/images/loginimg.png HTTP/1.1" 304 0
Login page accessed!
Entered employee mail: venugopal.pemma@ratnaglobaltech.com
OTP is generated 5327
Previously employee attempted quiz for 1 time
Otp is sent to employee mail-id: venugopal.pemma@ratnaglobaltech.com
Employee details are saved into database
Employee is redirected to otp validation page!
"POST / HTTP/1.1" 200 11718
OTP validation is accessed!
OTP is verified successfully
Employee checked keep me signed: True
Employee logged-in successfully
"POST /validate/ HTTP/1.1" 302 0
Dashboard page is accessed!
Internal Server Error: /validate/dashboard/
Traceback (most recent call last):
  File "C:\Users\VenugopalPemma\Desktop\Git_code\venv\Lib\site-packages\django\core\handlers\exception.py", line 55, in inner
    response = get_response(request)
               ^^^^^^^^^^^^^^^^^^^^^
  File "C:\Users\VenugopalPemma\Desktop\Git_code\venv\Lib\site-packages\django\core\handlers\base.py", line 197, in _get_response
    response = wrapped_callback(request, *callback_args, **callback_kwargs)
               ^^^^^^^^^^^^^^^^^^^^^^^^^^^^^^^^^^^^^^^^^^^^^^^^^^^^^^^^^^^^
  File "C:\Users\VenugopalPemma\Desktop\Git_code\SwitchTech\home\views.py", line 176, in dashboard
    user = User.objects.get(email=mail)
           ^^^^^^^^^^^^^^^^^^^^^^^^^^^^
  File "C:\Users\VenugopalPemma\Desktop\Git_code\venv\Lib\site-packages\django\db\models\manager.py", line 85, in manager_method
    return getattr(self.get_queryset(), name)(*args, **kwargs)
           ^^^^^^^^^^^^^^^^^^^^^^^^^^^^^^^^^^^^^^^^^^^^^^^^^^^
  File "C:\Users\VenugopalPemma\Desktop\Git_code\venv\Lib\site-packages\django\db\models\query.py", line 650, in get
    raise self.model.DoesNotExist(
django.contrib.auth.models.User.DoesNotExist: User matching query does not exist.
"GET /validate/dashboard/ HTTP/1.1" 500 75545
User session exists (remember me enabled),                                 redirecting to the Dashboard page
Internal Server Error: /
Traceback (most recent call last):
  File "C:\Users\VenugopalPemma\Desktop\Git_code\venv\Lib\site-packages\django\core\handlers\exception.py", line 55, in inner
    response = get_response(request)
               ^^^^^^^^^^^^^^^^^^^^^
  File "C:\Users\VenugopalPemma\Desktop\Git_code\venv\Lib\site-packages\django\core\handlers\base.py", line 197, in _get_response
    response = wrapped_callback(request, *callback_args, **callback_kwargs)
               ^^^^^^^^^^^^^^^^^^^^^^^^^^^^^^^^^^^^^^^^^^^^^^^^^^^^^^^^^^^^
  File "C:\Users\VenugopalPemma\Desktop\Git_code\SwitchTech\home\views.py", line 47, in loginPage
    user = User.objects.get(email=mail)
           ^^^^^^^^^^^^^^^^^^^^^^^^^^^^
  File "C:\Users\VenugopalPemma\Desktop\Git_code\venv\Lib\site-packages\django\db\models\manager.py", line 85, in manager_method
    return getattr(self.get_queryset(), name)(*args, **kwargs)
           ^^^^^^^^^^^^^^^^^^^^^^^^^^^^^^^^^^^^^^^^^^^^^^^^^^^
  File "C:\Users\VenugopalPemma\Desktop\Git_code\venv\Lib\site-packages\django\db\models\query.py", line 650, in get
    raise self.model.DoesNotExist(
django.contrib.auth.models.User.DoesNotExist: User matching query does not exist.
"GET / HTTP/1.1" 500 75355
User session exists (remember me enabled),                                 redirecting to the Dashboard page
Internal Server Error: /
Traceback (most recent call last):
  File "C:\Users\VenugopalPemma\Desktop\Git_code\venv\Lib\site-packages\django\core\handlers\exception.py", line 55, in inner
    response = get_response(request)
               ^^^^^^^^^^^^^^^^^^^^^
  File "C:\Users\VenugopalPemma\Desktop\Git_code\venv\Lib\site-packages\django\core\handlers\base.py", line 197, in _get_response
    response = wrapped_callback(request, *callback_args, **callback_kwargs)
               ^^^^^^^^^^^^^^^^^^^^^^^^^^^^^^^^^^^^^^^^^^^^^^^^^^^^^^^^^^^^
  File "C:\Users\VenugopalPemma\Desktop\Git_code\SwitchTech\home\views.py", line 47, in loginPage
    user = User.objects.get(email=mail)
           ^^^^^^^^^^^^^^^^^^^^^^^^^^^^
  File "C:\Users\VenugopalPemma\Desktop\Git_code\venv\Lib\site-packages\django\db\models\manager.py", line 85, in manager_method
    return getattr(self.get_queryset(), name)(*args, **kwargs)
           ^^^^^^^^^^^^^^^^^^^^^^^^^^^^^^^^^^^^^^^^^^^^^^^^^^^
  File "C:\Users\VenugopalPemma\Desktop\Git_code\venv\Lib\site-packages\django\db\models\query.py", line 650, in get
    raise self.model.DoesNotExist(
django.contrib.auth.models.User.DoesNotExist: User matching query does not exist.
"GET / HTTP/1.1" 500 75355
Watching for file changes with StatReloader
"GET / HTTP/1.1" 200 13272
"GET /static/images/ratnaglobal_logo.png HTTP/1.1" 200 7938
"GET /static/images/loginimg.png HTTP/1.1" 200 331530
Login page accessed!
Entered employee mail: venugopal.pemma@ratnaglobaltech.com
OTP is generated 7356
Previously employee attempted quiz for 2 time
Otp is sent to employee mail-id: venugopal.pemma@ratnaglobaltech.com
Employee details are saved into database
Employee is redirected to otp validation page!
"POST / HTTP/1.1" 200 11718
Watching for file changes with StatReloader
"GET / HTTP/1.1" 200 13272
"GET /static/images/ratnaglobal_logo.png HTTP/1.1" 304 0
"GET /static/images/loginimg.png HTTP/1.1" 304 0
Not Found: /favicon.ico
"GET /favicon.ico HTTP/1.1" 404 4567
Login page accessed!
Entered employee mail: venugopal.pemma@ratnaglobaltech.com
OTP is generated 8396
Previously employee attempted quiz for 3 time
Employee trying to login for 4 times, so employee is restricted!
"POST / HTTP/1.1" 200 5067
"GET /static/images/UserRestrict.png HTTP/1.1" 200 125395
"GET / HTTP/1.1" 200 13272
Login page accessed!
New employee details are entered and saving into database
Entered employee mail: venugopal.pemma@ratnaglobaltech.com
OTP is generated 9707
Previously employee attempted quiz for 4 time
Employee trying to login for 5 times, so employee is restricted!
"POST / HTTP/1.1" 200 5067
"GET / HTTP/1.1" 200 13272
"GET / HTTP/1.1" 200 13272
Login page accessed!
Employee entered invalid username or email
"POST / HTTP/1.1" 200 13523
Login page accessed!
New employee details are entered and saving into database
Entered employee mail: venugopal.pemma96@ratnaglobaltech.com
OTP is generated 1842
Otp is sent to employee mail-id: venugopal.pemma96@ratnaglobaltech.com
Employee details are saved into database
Employee is redirected to otp validation page!
"POST / HTTP/1.1" 200 11718
OTP validation is accessed!
OTP is verified successfully
Employee checked keep me signed: True
Employee logged-in successfully
"POST /validate/ HTTP/1.1" 302 0
Dashboard page is accessed!
Employee overall Progress: 0 %
"GET /validate/dashboard/ HTTP/1.1" 200 13611
"GET /static/images/dashboard.png HTTP/1.1" 404 1819
Instruction page is accessed
"GET /validate/dashboard/index/ HTTP/1.1" 200 10671
"GET /static/images/Instruction.png HTTP/1.1" 200 91625
Employee skipped the quiz and select domain Python and redirected to all recomendations page with all the avaliable courses
"GET /skipquiz/?category=Python HTTP/1.1" 200 14427
"GET /static/images/recommendation.png HTTP/1.1" 200 113005
Employee is logged-out successfully!
"GET /logout/ HTTP/1.1" 302 0
"GET / HTTP/1.1" 200 13272
"GET /admin HTTP/1.1" 301 0
"GET /admin/ HTTP/1.1" 302 0
"GET /admin/login/?next=/admin/ HTTP/1.1" 200 2239
"GET /static/admin/css/dark_mode.css HTTP/1.1" 200 796
"GET /static/admin/css/login.css HTTP/1.1" 200 958
"GET /static/admin/css/nav_sidebar.css HTTP/1.1" 200 2619
"GET /static/admin/css/base.css HTTP/1.1" 200 20344
"GET /static/admin/css/responsive.css HTTP/1.1" 200 18854
"GET /static/admin/js/nav_sidebar.js HTTP/1.1" 200 3763
"GET /static/admin/css/fonts.css HTTP/1.1" 200 423
"GET /static/admin/fonts/Roboto-Regular-webfont.woff HTTP/1.1" 200 85876
"GET /static/admin/fonts/Roboto-Light-webfont.woff HTTP/1.1" 200 85692
"POST /admin/login/?next=/admin/ HTTP/1.1" 302 0
"GET /admin/ HTTP/1.1" 200 11393
"GET /static/admin/css/dashboard.css HTTP/1.1" 200 380
"GET /static/admin/img/icon-addlink.svg HTTP/1.1" 200 331
"GET /static/admin/img/icon-changelink.svg HTTP/1.1" 200 380
"GET /static/admin/fonts/Roboto-Bold-webfont.woff HTTP/1.1" 200 86184
"GET /admin/home/question/add/ HTTP/1.1" 200 21154
"GET /static/admin/js/jquery.init.js HTTP/1.1" 200 347
"GET /static/admin/js/core.js HTTP/1.1" 200 5698
"GET /static/admin/js/inlines.js HTTP/1.1" 200 15526
"GET /static/admin/css/forms.css HTTP/1.1" 200 8944
"GET /static/admin/js/actions.js HTTP/1.1" 200 7872
"GET /static/admin/js/admin/RelatedObjectLookups.js HTTP/1.1" 200 8985
"GET /static/admin/js/prepopulate.js HTTP/1.1" 200 1531
"GET /admin/jsi18n/ HTTP/1.1" 200 3343
"GET /static/admin/js/urlify.js HTTP/1.1" 200 7902
"GET /static/admin/css/widgets.css HTTP/1.1" 200 11297
"GET /static/admin/js/vendor/jquery/jquery.js HTTP/1.1" 200 288580
"GET /static/admin/js/vendor/xregexp/xregexp.js HTTP/1.1" 200 232381
"GET /static/admin/js/prepopulate_init.js HTTP/1.1" 200 586
"GET /static/admin/img/icon-viewlink.svg HTTP/1.1" 200 581
"GET /static/admin/js/change_form.js HTTP/1.1" 200 606
"GET /static/admin/img/inline-delete.svg HTTP/1.1" 200 560
"POST /admin/home/question/add/ HTTP/1.1" 302 0
"GET /admin/home/question/ HTTP/1.1" 200 43065
"GET /static/admin/css/base.css HTTP/1.1" 304 0
"GET /static/admin/css/dark_mode.css HTTP/1.1" 304 0
"GET /static/admin/css/nav_sidebar.css HTTP/1.1" 304 0
"GET /static/admin/js/vendor/jquery/jquery.js HTTP/1.1" 304 0
"GET /static/admin/js/jquery.init.js HTTP/1.1" 304 0
"GET /static/admin/js/core.js HTTP/1.1" 304 0
"GET /static/admin/css/responsive.css HTTP/1.1" 304 0
"GET /static/admin/css/changelists.css HTTP/1.1" 200 6395
"GET /static/admin/css/fonts.css HTTP/1.1" 304 0
"GET /static/admin/js/admin/RelatedObjectLookups.js HTTP/1.1" 304 0
"GET /static/admin/js/urlify.js HTTP/1.1" 304 0
"GET /static/admin/js/actions.js HTTP/1.1" 304 0
"GET /static/admin/js/prepopulate.js HTTP/1.1" 304 0
"GET /static/admin/js/vendor/xregexp/xregexp.js HTTP/1.1" 304 0
"GET /admin/jsi18n/ HTTP/1.1" 200 3343
"GET /static/admin/js/nav_sidebar.js HTTP/1.1" 304 0
"GET /static/admin/js/filters.js HTTP/1.1" 200 966
"GET /static/admin/fonts/Roboto-Regular-webfont.woff HTTP/1.1" 304 0
"GET /static/admin/img/tooltag-add.svg HTTP/1.1" 200 331
"GET /static/admin/img/icon-yes.svg HTTP/1.1" 200 436
"GET /static/admin/fonts/Roboto-Bold-webfont.woff HTTP/1.1" 304 0
"GET /static/admin/fonts/Roboto-Light-webfont.woff HTTP/1.1" 304 0
"GET /admin/home/question/add/ HTTP/1.1" 200 21154
"GET /static/admin/css/forms.css HTTP/1.1" 304 0
"GET /static/admin/js/inlines.js HTTP/1.1" 304 0
"GET /admin/jsi18n/ HTTP/1.1" 200 3343
"GET /static/admin/css/widgets.css HTTP/1.1" 304 0
"GET /static/admin/js/prepopulate_init.js HTTP/1.1" 304 0
"GET /static/admin/img/icon-changelink.svg HTTP/1.1" 304 0
"GET /static/admin/img/icon-viewlink.svg HTTP/1.1" 304 0
"GET /static/admin/img/icon-addlink.svg HTTP/1.1" 304 0
"GET /static/admin/js/change_form.js HTTP/1.1" 304 0
"GET /static/admin/img/inline-delete.svg HTTP/1.1" 304 0
"POST /admin/home/question/add/ HTTP/1.1" 302 0
"GET /admin/home/question/ HTTP/1.1" 200 43053
"GET /admin/jsi18n/ HTTP/1.1" 200 3343
"GET /admin/home/question/add/ HTTP/1.1" 200 21154
"GET /admin/jsi18n/ HTTP/1.1" 200 3343
"POST /admin/home/question/add/ HTTP/1.1" 302 0
"GET /admin/home/question/ HTTP/1.1" 200 43033
"GET /static/admin/css/base.css HTTP/1.1" 304 0
"GET /static/admin/css/nav_sidebar.css HTTP/1.1" 304 0
"GET /static/admin/css/changelists.css HTTP/1.1" 304 0
"GET /static/admin/css/dark_mode.css HTTP/1.1" 304 0
"GET /static/admin/js/vendor/jquery/jquery.js HTTP/1.1" 304 0
"GET /static/admin/css/responsive.css HTTP/1.1" 304 0
"GET /static/admin/js/jquery.init.js HTTP/1.1" 304 0
"GET /static/admin/js/core.js HTTP/1.1" 304 0
"GET /static/admin/js/admin/RelatedObjectLookups.js HTTP/1.1" 304 0
"GET /static/admin/js/actions.js HTTP/1.1" 304 0
"GET /static/admin/js/urlify.js HTTP/1.1" 304 0
"GET /static/admin/css/fonts.css HTTP/1.1" 304 0
"GET /static/admin/js/prepopulate.js HTTP/1.1" 304 0
"GET /static/admin/js/vendor/xregexp/xregexp.js HTTP/1.1" 304 0
"GET /admin/jsi18n/ HTTP/1.1" 200 3343
"GET /static/admin/js/nav_sidebar.js HTTP/1.1" 304 0
"GET /static/admin/js/filters.js HTTP/1.1" 304 0
"GET /static/admin/img/icon-yes.svg HTTP/1.1" 304 0
"GET /static/admin/img/tooltag-add.svg HTTP/1.1" 304 0
"GET /static/admin/fonts/Roboto-Regular-webfont.woff HTTP/1.1" 304 0
"GET /static/admin/fonts/Roboto-Light-webfont.woff HTTP/1.1" 304 0
"GET /static/admin/fonts/Roboto-Bold-webfont.woff HTTP/1.1" 304 0
"GET /admin/home/question/add/ HTTP/1.1" 200 21154
"GET /static/admin/css/forms.css HTTP/1.1" 304 0
"GET /static/admin/js/inlines.js HTTP/1.1" 304 0
"GET /admin/jsi18n/ HTTP/1.1" 200 3343
"GET /static/admin/css/widgets.css HTTP/1.1" 304 0
"GET /static/admin/js/prepopulate_init.js HTTP/1.1" 304 0
"GET /static/admin/img/icon-changelink.svg HTTP/1.1" 304 0
"GET /static/admin/js/change_form.js HTTP/1.1" 304 0
"GET /static/admin/img/icon-addlink.svg HTTP/1.1" 304 0
"GET /static/admin/img/icon-viewlink.svg HTTP/1.1" 304 0
"GET /static/admin/img/inline-delete.svg HTTP/1.1" 304 0
"POST /admin/home/question/add/ HTTP/1.1" 302 0
"GET /admin/home/question/ HTTP/1.1" 200 43043
"GET /admin/jsi18n/ HTTP/1.1" 200 3343
"GET /admin/home/question/add/ HTTP/1.1" 200 21154
"GET /admin/jsi18n/ HTTP/1.1" 200 3343
"POST /admin/home/question/add/ HTTP/1.1" 302 0
"GET /admin/home/question/ HTTP/1.1" 200 43053
"GET /static/admin/css/base.css HTTP/1.1" 304 0
"GET /static/admin/css/dark_mode.css HTTP/1.1" 304 0
"GET /static/admin/css/nav_sidebar.css HTTP/1.1" 304 0
"GET /static/admin/css/changelists.css HTTP/1.1" 304 0
"GET /static/admin/js/core.js HTTP/1.1" 304 0
"GET /static/admin/js/vendor/jquery/jquery.js HTTP/1.1" 304 0
"GET /static/admin/js/admin/RelatedObjectLookups.js HTTP/1.1" 304 0
"GET /static/admin/js/jquery.init.js HTTP/1.1" 304 0
"GET /static/admin/js/urlify.js HTTP/1.1" 304 0
"GET /static/admin/css/responsive.css HTTP/1.1" 304 0
"GET /static/admin/js/prepopulate.js HTTP/1.1" 304 0
"GET /static/admin/js/vendor/xregexp/xregexp.js HTTP/1.1" 304 0
"GET /static/admin/js/actions.js HTTP/1.1" 304 0
"GET /admin/jsi18n/ HTTP/1.1" 200 3343
"GET /static/admin/css/fonts.css HTTP/1.1" 304 0
"GET /static/admin/js/filters.js HTTP/1.1" 304 0
"GET /static/admin/js/nav_sidebar.js HTTP/1.1" 304 0
"GET /static/admin/img/icon-yes.svg HTTP/1.1" 304 0
"GET /static/admin/img/tooltag-add.svg HTTP/1.1" 304 0
"GET /static/admin/fonts/Roboto-Regular-webfont.woff HTTP/1.1" 304 0
"GET /static/admin/fonts/Roboto-Light-webfont.woff HTTP/1.1" 304 0
"GET /static/admin/fonts/Roboto-Bold-webfont.woff HTTP/1.1" 304 0
"GET /admin/home/question/add/ HTTP/1.1" 200 21154
"GET /static/admin/css/forms.css HTTP/1.1" 304 0
"GET /static/admin/js/inlines.js HTTP/1.1" 304 0
"GET /static/admin/css/widgets.css HTTP/1.1" 304 0
"GET /admin/jsi18n/ HTTP/1.1" 200 3343
"GET /static/admin/js/prepopulate_init.js HTTP/1.1" 304 0
"GET /static/admin/img/icon-changelink.svg HTTP/1.1" 304 0
"GET /static/admin/img/icon-addlink.svg HTTP/1.1" 304 0
"GET /static/admin/js/change_form.js HTTP/1.1" 304 0
"GET /static/admin/img/icon-viewlink.svg HTTP/1.1" 304 0
"GET /static/admin/img/inline-delete.svg HTTP/1.1" 304 0
"POST /admin/home/question/add/ HTTP/1.1" 302 0
"GET /admin/home/question/ HTTP/1.1" 200 43058
"GET /admin/jsi18n/ HTTP/1.1" 200 3343
"GET /admin/home/question/add/ HTTP/1.1" 200 21154
"GET /admin/jsi18n/ HTTP/1.1" 200 3343
"POST /admin/home/question/add/ HTTP/1.1" 302 0
"GET /admin/home/question/ HTTP/1.1" 200 43077
"GET /admin/jsi18n/ HTTP/1.1" 200 3343
"GET /admin/home/question/add/ HTTP/1.1" 200 21154
"GET /admin/jsi18n/ HTTP/1.1" 200 3343
"POST /admin/home/question/add/ HTTP/1.1" 302 0
"GET /admin/home/question/ HTTP/1.1" 200 42985
"GET /static/admin/css/base.css HTTP/1.1" 304 0
"GET /static/admin/css/nav_sidebar.css HTTP/1.1" 304 0
"GET /static/admin/css/dark_mode.css HTTP/1.1" 304 0
"GET /static/admin/css/changelists.css HTTP/1.1" 304 0
"GET /static/admin/js/vendor/jquery/jquery.js HTTP/1.1" 304 0
"GET /static/admin/js/jquery.init.js HTTP/1.1" 304 0
"GET /static/admin/js/admin/RelatedObjectLookups.js HTTP/1.1" 304 0
"GET /static/admin/js/core.js HTTP/1.1" 304 0
"GET /static/admin/css/responsive.css HTTP/1.1" 304 0
"GET /static/admin/js/actions.js HTTP/1.1" 304 0
"GET /static/admin/css/fonts.css HTTP/1.1" 304 0
"GET /static/admin/js/urlify.js HTTP/1.1" 304 0
"GET /static/admin/js/prepopulate.js HTTP/1.1" 304 0
"GET /static/admin/js/vendor/xregexp/xregexp.js HTTP/1.1" 304 0
"GET /admin/jsi18n/ HTTP/1.1" 200 3343
"GET /static/admin/js/nav_sidebar.js HTTP/1.1" 304 0
"GET /static/admin/js/filters.js HTTP/1.1" 304 0
"GET /static/admin/img/icon-yes.svg HTTP/1.1" 304 0
"GET /static/admin/img/tooltag-add.svg HTTP/1.1" 304 0
"GET /static/admin/fonts/Roboto-Light-webfont.woff HTTP/1.1" 304 0
"GET /static/admin/fonts/Roboto-Regular-webfont.woff HTTP/1.1" 304 0
"GET /static/admin/fonts/Roboto-Bold-webfont.woff HTTP/1.1" 304 0
"GET /admin/home/question/add/ HTTP/1.1" 200 21154
"GET /static/admin/css/forms.css HTTP/1.1" 304 0
"GET /static/admin/js/inlines.js HTTP/1.1" 304 0
"GET /admin/jsi18n/ HTTP/1.1" 200 3343
"GET /static/admin/js/prepopulate_init.js HTTP/1.1" 304 0
"GET /static/admin/css/widgets.css HTTP/1.1" 304 0
"GET /static/admin/img/icon-addlink.svg HTTP/1.1" 304 0
"GET /static/admin/img/icon-changelink.svg HTTP/1.1" 304 0
"GET /static/admin/img/icon-viewlink.svg HTTP/1.1" 304 0
"GET /static/admin/js/change_form.js HTTP/1.1" 304 0
"GET /static/admin/img/inline-delete.svg HTTP/1.1" 304 0
"POST /admin/home/question/add/ HTTP/1.1" 302 0
"GET /admin/home/question/ HTTP/1.1" 200 43029
"GET /admin/jsi18n/ HTTP/1.1" 200 3343
"GET /admin/home/question/add/ HTTP/1.1" 200 21154
"GET /admin/jsi18n/ HTTP/1.1" 200 3343
"POST /admin/home/question/add/ HTTP/1.1" 302 0
"GET /admin/home/question/ HTTP/1.1" 200 42994
"GET /admin/jsi18n/ HTTP/1.1" 200 3343
"GET /admin/home/question/add/ HTTP/1.1" 200 21154
"GET /static/admin/css/base.css HTTP/1.1" 304 0
"GET /static/admin/css/dark_mode.css HTTP/1.1" 304 0
"GET /static/admin/css/nav_sidebar.css HTTP/1.1" 304 0
"GET /static/admin/js/vendor/jquery/jquery.js HTTP/1.1" 304 0
"GET /static/admin/css/forms.css HTTP/1.1" 304 0
"GET /static/admin/js/jquery.init.js HTTP/1.1" 304 0
"GET /static/admin/css/responsive.css HTTP/1.1" 304 0
"GET /static/admin/js/inlines.js HTTP/1.1" 304 0
"GET /static/admin/js/core.js HTTP/1.1" 304 0
"GET /static/admin/js/admin/RelatedObjectLookups.js HTTP/1.1" 304 0
"GET /static/admin/js/actions.js HTTP/1.1" 304 0
"GET /static/admin/css/fonts.css HTTP/1.1" 304 0
"GET /static/admin/css/widgets.css HTTP/1.1" 304 0
"GET /static/admin/js/urlify.js HTTP/1.1" 304 0
"GET /static/admin/js/prepopulate.js HTTP/1.1" 304 0
"GET /static/admin/js/vendor/xregexp/xregexp.js HTTP/1.1" 304 0
"GET /admin/jsi18n/ HTTP/1.1" 200 3343
"GET /static/admin/js/prepopulate_init.js HTTP/1.1" 304 0
"GET /static/admin/js/nav_sidebar.js HTTP/1.1" 304 0
"GET /static/admin/img/icon-changelink.svg HTTP/1.1" 304 0
"GET /static/admin/img/icon-addlink.svg HTTP/1.1" 304 0
"GET /static/admin/js/change_form.js HTTP/1.1" 304 0
"GET /static/admin/img/icon-viewlink.svg HTTP/1.1" 304 0
"GET /static/admin/fonts/Roboto-Regular-webfont.woff HTTP/1.1" 304 0
"GET /static/admin/fonts/Roboto-Light-webfont.woff HTTP/1.1" 304 0
"GET /static/admin/fonts/Roboto-Bold-webfont.woff HTTP/1.1" 304 0
"GET /static/admin/img/inline-delete.svg HTTP/1.1" 304 0
"GET /admin/ HTTP/1.1" 200 11369
"GET /static/admin/css/dashboard.css HTTP/1.1" 304 0
"GET /admin/home/category/ HTTP/1.1" 200 12919
"GET /static/admin/css/changelists.css HTTP/1.1" 304 0
"GET /static/admin/js/filters.js HTTP/1.1" 304 0
"GET /admin/jsi18n/ HTTP/1.1" 200 3343
"GET /static/admin/img/tooltag-add.svg HTTP/1.1" 304 0
"GET /admin/home/category/add/ HTTP/1.1" 200 9079
"GET /admin/jsi18n/ HTTP/1.1" 200 3343
"POST /admin/home/category/add/ HTTP/1.1" 302 0
"GET /admin/home/category/ HTTP/1.1" 200 13452
"GET /admin/jsi18n/ HTTP/1.1" 200 3343
"GET /static/admin/img/icon-yes.svg HTTP/1.1" 304 0
"GET /admin/ HTTP/1.1" 200 11343
"GET /admin/home/question/ HTTP/1.1" 200 42725
"GET /admin/jsi18n/ HTTP/1.1" 200 3343
"GET /admin/home/question/add/ HTTP/1.1" 200 21237
"GET /admin/jsi18n/ HTTP/1.1" 200 3343
"POST /admin/home/question/add/ HTTP/1.1" 302 0
"GET /admin/home/question/ HTTP/1.1" 200 42966
"GET /admin/jsi18n/ HTTP/1.1" 200 3343
"GET /admin/home/question/add/ HTTP/1.1" 200 21237
"GET /admin/jsi18n/ HTTP/1.1" 200 3343
"POST /admin/home/question/add/ HTTP/1.1" 302 0
"GET /admin/home/question/ HTTP/1.1" 200 43003
"GET /admin/jsi18n/ HTTP/1.1" 200 3343
"GET /admin/home/question/add/ HTTP/1.1" 200 21237
"GET /admin/jsi18n/ HTTP/1.1" 200 3343
"POST /admin/home/question/add/ HTTP/1.1" 302 0
"GET /admin/home/question/ HTTP/1.1" 200 43009
"GET /static/admin/css/base.css HTTP/1.1" 304 0
"GET /static/admin/css/dark_mode.css HTTP/1.1" 304 0
"GET /static/admin/css/nav_sidebar.css HTTP/1.1" 304 0
"GET /static/admin/js/core.js HTTP/1.1" 304 0
"GET /static/admin/js/jquery.init.js HTTP/1.1" 304 0
"GET /static/admin/js/vendor/jquery/jquery.js HTTP/1.1" 304 0
"GET /static/admin/js/admin/RelatedObjectLookups.js HTTP/1.1" 304 0
"GET /static/admin/css/responsive.css HTTP/1.1" 304 0
"GET /static/admin/css/fonts.css HTTP/1.1" 304 0
"GET /static/admin/js/actions.js HTTP/1.1" 304 0
"GET /static/admin/js/prepopulate.js HTTP/1.1" 304 0
"GET /static/admin/js/vendor/xregexp/xregexp.js HTTP/1.1" 304 0
"GET /static/admin/js/urlify.js HTTP/1.1" 304 0
"GET /admin/jsi18n/ HTTP/1.1" 200 3343
"GET /static/admin/js/nav_sidebar.js HTTP/1.1" 304 0
"GET /static/admin/fonts/Roboto-Regular-webfont.woff HTTP/1.1" 304 0
"GET /static/admin/fonts/Roboto-Bold-webfont.woff HTTP/1.1" 304 0
"GET /static/admin/fonts/Roboto-Light-webfont.woff HTTP/1.1" 304 0
"GET /admin/home/question/add/ HTTP/1.1" 200 21237
"GET /static/admin/js/inlines.js HTTP/1.1" 304 0
"GET /static/admin/css/forms.css HTTP/1.1" 304 0
"GET /admin/jsi18n/ HTTP/1.1" 200 3343
"GET /static/admin/js/prepopulate_init.js HTTP/1.1" 304 0
"GET /static/admin/css/widgets.css HTTP/1.1" 304 0
"GET /static/admin/img/icon-changelink.svg HTTP/1.1" 304 0
"GET /static/admin/img/icon-addlink.svg HTTP/1.1" 304 0
"GET /static/admin/img/icon-viewlink.svg HTTP/1.1" 304 0
"GET /static/admin/js/change_form.js HTTP/1.1" 304 0
"GET /static/admin/img/inline-delete.svg HTTP/1.1" 304 0
"POST /admin/home/question/add/ HTTP/1.1" 302 0
"GET /admin/home/question/ HTTP/1.1" 200 43036
"GET /static/admin/css/changelists.css HTTP/1.1" 304 0
"GET /static/admin/js/filters.js HTTP/1.1" 304 0
"GET /admin/jsi18n/ HTTP/1.1" 200 3343
"GET /static/admin/img/tooltag-add.svg HTTP/1.1" 304 0
"GET /static/admin/img/icon-yes.svg HTTP/1.1" 304 0
"GET /admin/home/question/add/ HTTP/1.1" 200 21237
"GET /admin/jsi18n/ HTTP/1.1" 200 3343
"POST /admin/home/question/add/ HTTP/1.1" 302 0
"GET /admin/home/question/ HTTP/1.1" 200 43033
"GET /admin/jsi18n/ HTTP/1.1" 200 3343
"GET /admin/home/question/add/ HTTP/1.1" 200 21237
"GET /admin/jsi18n/ HTTP/1.1" 200 3343
"POST /admin/home/question/add/ HTTP/1.1" 302 0
"GET /admin/home/question/ HTTP/1.1" 200 42983
"GET /admin/jsi18n/ HTTP/1.1" 200 3343
"GET /admin/home/question/add/ HTTP/1.1" 200 21237
"GET /admin/jsi18n/ HTTP/1.1" 200 3343
"POST /admin/home/question/add/ HTTP/1.1" 302 0
"GET /admin/home/question/ HTTP/1.1" 200 42984
"GET /static/admin/css/dark_mode.css HTTP/1.1" 304 0
"GET /static/admin/css/base.css HTTP/1.1" 304 0
"GET /static/admin/css/nav_sidebar.css HTTP/1.1" 304 0
"GET /static/admin/js/vendor/jquery/jquery.js HTTP/1.1" 304 0
"GET /static/admin/js/jquery.init.js HTTP/1.1" 304 0
"GET /static/admin/js/actions.js HTTP/1.1" 304 0
"GET /static/admin/js/admin/RelatedObjectLookups.js HTTP/1.1" 304 0
"GET /static/admin/js/core.js HTTP/1.1" 304 0
"GET /static/admin/css/responsive.css HTTP/1.1" 304 0
"GET /static/admin/js/urlify.js HTTP/1.1" 304 0
"GET /static/admin/js/prepopulate.js HTTP/1.1" 304 0
"GET /static/admin/js/vendor/xregexp/xregexp.js HTTP/1.1" 304 0
"GET /static/admin/css/fonts.css HTTP/1.1" 304 0
"GET /admin/jsi18n/ HTTP/1.1" 200 3343
"GET /static/admin/js/nav_sidebar.js HTTP/1.1" 304 0
"GET /static/admin/fonts/Roboto-Regular-webfont.woff HTTP/1.1" 304 0
"GET /static/admin/fonts/Roboto-Light-webfont.woff HTTP/1.1" 304 0
"GET /static/admin/fonts/Roboto-Bold-webfont.woff HTTP/1.1" 304 0
"GET /admin/home/question/add/ HTTP/1.1" 200 21237
"GET /static/admin/css/forms.css HTTP/1.1" 304 0
"GET /static/admin/js/inlines.js HTTP/1.1" 304 0
"GET /admin/jsi18n/ HTTP/1.1" 200 3343
"GET /static/admin/css/widgets.css HTTP/1.1" 304 0
"GET /static/admin/js/prepopulate_init.js HTTP/1.1" 304 0
"GET /static/admin/img/icon-changelink.svg HTTP/1.1" 304 0
"GET /static/admin/img/icon-addlink.svg HTTP/1.1" 304 0
"GET /static/admin/img/icon-viewlink.svg HTTP/1.1" 304 0
"GET /static/admin/js/change_form.js HTTP/1.1" 304 0
"GET /static/admin/img/inline-delete.svg HTTP/1.1" 304 0
"POST /admin/home/question/add/ HTTP/1.1" 302 0
"GET /admin/home/question/ HTTP/1.1" 200 42987
"GET /static/admin/css/changelists.css HTTP/1.1" 304 0
"GET /admin/jsi18n/ HTTP/1.1" 200 3343
"GET /static/admin/js/filters.js HTTP/1.1" 304 0
"GET /static/admin/img/icon-yes.svg HTTP/1.1" 304 0
"GET /static/admin/img/tooltag-add.svg HTTP/1.1" 304 0
"GET /admin/home/question/add/ HTTP/1.1" 200 21237
"GET /admin/jsi18n/ HTTP/1.1" 200 3343
"POST /admin/home/question/add/ HTTP/1.1" 302 0
"GET /admin/home/question/ HTTP/1.1" 200 42969
"GET /admin/jsi18n/ HTTP/1.1" 200 3343
"GET /admin/home/question/add/ HTTP/1.1" 200 21237
"GET /admin/jsi18n/ HTTP/1.1" 200 3343
"POST /admin/home/question/add/ HTTP/1.1" 302 0
"GET /admin/home/question/ HTTP/1.1" 200 43008
"GET /admin/jsi18n/ HTTP/1.1" 200 3343
"GET /admin/ HTTP/1.1" 200 11312
"GET /static/admin/css/dashboard.css HTTP/1.1" 304 0
"GET /admin/home/video/add/ HTTP/1.1" 200 12614
"GET /admin/jsi18n/ HTTP/1.1" 200 3343
"GET /admin/home/category/add/ HTTP/1.1" 200 9079
"GET /static/admin/css/dark_mode.css HTTP/1.1" 304 0
"GET /static/admin/css/base.css HTTP/1.1" 304 0
"GET /static/admin/css/nav_sidebar.css HTTP/1.1" 304 0
"GET /static/admin/css/forms.css HTTP/1.1" 304 0
"GET /static/admin/js/vendor/jquery/jquery.js HTTP/1.1" 304 0
"GET /static/admin/js/core.js HTTP/1.1" 304 0
"GET /static/admin/js/admin/RelatedObjectLookups.js HTTP/1.1" 304 0
"GET /static/admin/js/jquery.init.js HTTP/1.1" 304 0
"GET /static/admin/css/responsive.css HTTP/1.1" 304 0
"GET /static/admin/css/fonts.css HTTP/1.1" 304 0
"GET /static/admin/js/urlify.js HTTP/1.1" 304 0
"GET /static/admin/js/prepopulate.js HTTP/1.1" 304 0
"GET /static/admin/js/actions.js HTTP/1.1" 304 0
"GET /admin/jsi18n/ HTTP/1.1" 200 3343
"GET /static/admin/css/widgets.css HTTP/1.1" 304 0
"GET /static/admin/js/vendor/xregexp/xregexp.js HTTP/1.1" 304 0
"GET /static/admin/js/prepopulate_init.js HTTP/1.1" 304 0
"GET /static/admin/js/nav_sidebar.js HTTP/1.1" 304 0
"GET /static/admin/js/change_form.js HTTP/1.1" 304 0
"GET /static/admin/fonts/Roboto-Regular-webfont.woff HTTP/1.1" 304 0
"GET /static/admin/img/icon-addlink.svg HTTP/1.1" 304 0
"GET /static/admin/fonts/Roboto-Bold-webfont.woff HTTP/1.1" 304 0
"GET /static/admin/fonts/Roboto-Light-webfont.woff HTTP/1.1" 304 0
"POST /admin/home/category/add/ HTTP/1.1" 302 0
"GET /admin/home/category/ HTTP/1.1" 200 13725
"GET /admin/jsi18n/ HTTP/1.1" 200 3343
"GET /admin/home/question/add/ HTTP/1.1" 200 21313
"GET /static/admin/js/inlines.js HTTP/1.1" 304 0
"GET /admin/jsi18n/ HTTP/1.1" 200 3343
"GET /static/admin/img/icon-viewlink.svg HTTP/1.1" 304 0
"GET /static/admin/img/icon-changelink.svg HTTP/1.1" 304 0
"GET /static/admin/img/inline-delete.svg HTTP/1.1" 304 0
"POST /admin/home/question/add/ HTTP/1.1" 302 0
"GET /admin/home/question/ HTTP/1.1" 200 42992
"GET /static/admin/css/changelists.css HTTP/1.1" 304 0
"GET /static/admin/js/filters.js HTTP/1.1" 304 0
"GET /admin/jsi18n/ HTTP/1.1" 200 3343
"GET /static/admin/img/icon-yes.svg HTTP/1.1" 304 0
"GET /static/admin/img/tooltag-add.svg HTTP/1.1" 304 0
"GET /admin/home/question/add/ HTTP/1.1" 200 21313
"GET /admin/jsi18n/ HTTP/1.1" 200 3343
"POST /admin/home/question/add/ HTTP/1.1" 302 0
"GET /admin/home/question/ HTTP/1.1" 200 43011
"GET /admin/jsi18n/ HTTP/1.1" 200 3343
"GET /admin/home/question/add/ HTTP/1.1" 200 21313
"GET /admin/jsi18n/ HTTP/1.1" 200 3343
"POST /admin/home/question/add/ HTTP/1.1" 302 0
"GET /admin/home/question/ HTTP/1.1" 200 42993
"GET /admin/jsi18n/ HTTP/1.1" 200 3343
"GET /admin/home/question/add/ HTTP/1.1" 200 21313
"GET /admin/jsi18n/ HTTP/1.1" 200 3343
"POST /admin/home/question/add/ HTTP/1.1" 302 0
"GET /admin/home/question/ HTTP/1.1" 200 43041
"GET /static/admin/css/base.css HTTP/1.1" 304 0
"GET /static/admin/css/dark_mode.css HTTP/1.1" 304 0
"GET /static/admin/css/nav_sidebar.css HTTP/1.1" 304 0
"GET /static/admin/js/jquery.init.js HTTP/1.1" 304 0
"GET /static/admin/js/core.js HTTP/1.1" 304 0
"GET /static/admin/js/admin/RelatedObjectLookups.js HTTP/1.1" 304 0
"GET /static/admin/js/actions.js HTTP/1.1" 304 0
"GET /static/admin/js/vendor/jquery/jquery.js HTTP/1.1" 304 0
"GET /static/admin/css/responsive.css HTTP/1.1" 304 0
"GET /static/admin/css/fonts.css HTTP/1.1" 304 0
"GET /static/admin/js/vendor/xregexp/xregexp.js HTTP/1.1" 304 0
"GET /static/admin/js/prepopulate.js HTTP/1.1" 304 0
"GET /static/admin/js/urlify.js HTTP/1.1" 304 0
"GET /admin/jsi18n/ HTTP/1.1" 200 3343
"GET /static/admin/js/nav_sidebar.js HTTP/1.1" 304 0
"GET /static/admin/fonts/Roboto-Regular-webfont.woff HTTP/1.1" 304 0
"GET /static/admin/fonts/Roboto-Light-webfont.woff HTTP/1.1" 304 0
"GET /static/admin/fonts/Roboto-Bold-webfont.woff HTTP/1.1" 304 0
"GET /admin/home/question/add/ HTTP/1.1" 200 21313
"GET /static/admin/js/inlines.js HTTP/1.1" 304 0
"GET /static/admin/css/forms.css HTTP/1.1" 304 0
"GET /admin/jsi18n/ HTTP/1.1" 200 3343
"GET /static/admin/js/prepopulate_init.js HTTP/1.1" 304 0
"GET /static/admin/css/widgets.css HTTP/1.1" 304 0
"GET /static/admin/img/icon-changelink.svg HTTP/1.1" 304 0
"GET /static/admin/img/icon-addlink.svg HTTP/1.1" 304 0
"GET /static/admin/js/change_form.js HTTP/1.1" 304 0
"GET /static/admin/img/icon-viewlink.svg HTTP/1.1" 304 0
"GET /static/admin/img/inline-delete.svg HTTP/1.1" 304 0
"POST /admin/home/question/add/ HTTP/1.1" 302 0
"GET /admin/home/question/ HTTP/1.1" 200 42992
"GET /static/admin/css/changelists.css HTTP/1.1" 304 0
"GET /static/admin/js/filters.js HTTP/1.1" 304 0
"GET /admin/jsi18n/ HTTP/1.1" 200 3343
"GET /static/admin/img/icon-yes.svg HTTP/1.1" 304 0
"GET /static/admin/img/tooltag-add.svg HTTP/1.1" 304 0
"GET /admin/home/question/add/ HTTP/1.1" 200 21313
"GET /admin/jsi18n/ HTTP/1.1" 200 3343
"POST /admin/home/question/add/ HTTP/1.1" 302 0
"GET /admin/home/question/ HTTP/1.1" 200 42991
"GET /admin/jsi18n/ HTTP/1.1" 200 3343
"GET /admin/home/question/add/ HTTP/1.1" 200 21313
"GET /admin/jsi18n/ HTTP/1.1" 200 3343
"POST /admin/home/question/add/ HTTP/1.1" 302 0
"GET /admin/home/question/ HTTP/1.1" 200 42990
"GET /admin/jsi18n/ HTTP/1.1" 200 3343
"GET /admin/home/question/add/ HTTP/1.1" 200 21313
"GET /admin/jsi18n/ HTTP/1.1" 200 3343
"POST /admin/home/question/add/ HTTP/1.1" 302 0
"GET /admin/home/question/ HTTP/1.1" 200 43004
"GET /admin/jsi18n/ HTTP/1.1" 200 3343
"GET /admin/home/question/add/ HTTP/1.1" 200 21313
"GET /admin/jsi18n/ HTTP/1.1" 200 3343
"POST /admin/home/question/add/ HTTP/1.1" 302 0
"GET /admin/home/question/ HTTP/1.1" 200 43003
"GET /static/admin/css/base.css HTTP/1.1" 304 0
"GET /static/admin/css/dark_mode.css HTTP/1.1" 304 0
"GET /static/admin/css/nav_sidebar.css HTTP/1.1" 304 0
"GET /static/admin/js/jquery.init.js HTTP/1.1" 304 0
"GET /static/admin/js/core.js HTTP/1.1" 304 0
"GET /static/admin/js/vendor/jquery/jquery.js HTTP/1.1" 304 0
"GET /static/admin/css/responsive.css HTTP/1.1" 304 0
"GET /static/admin/js/admin/RelatedObjectLookups.js HTTP/1.1" 304 0
"GET /static/admin/css/fonts.css HTTP/1.1" 304 0
"GET /static/admin/js/urlify.js HTTP/1.1" 304 0
"GET /static/admin/js/actions.js HTTP/1.1" 304 0
"GET /static/admin/js/prepopulate.js HTTP/1.1" 304 0
"GET /static/admin/js/vendor/xregexp/xregexp.js HTTP/1.1" 304 0
"GET /admin/jsi18n/ HTTP/1.1" 200 3343
"GET /static/admin/js/nav_sidebar.js HTTP/1.1" 304 0
"GET /static/admin/fonts/Roboto-Regular-webfont.woff HTTP/1.1" 304 0
"GET /static/admin/fonts/Roboto-Bold-webfont.woff HTTP/1.1" 304 0
"GET /static/admin/fonts/Roboto-Light-webfont.woff HTTP/1.1" 304 0
"GET /admin/home/question/add/ HTTP/1.1" 200 21313
"GET /static/admin/css/forms.css HTTP/1.1" 304 0
"GET /static/admin/js/inlines.js HTTP/1.1" 304 0
"GET /static/admin/css/widgets.css HTTP/1.1" 304 0
"GET /admin/jsi18n/ HTTP/1.1" 200 3343
"GET /static/admin/js/prepopulate_init.js HTTP/1.1" 304 0
"GET /static/admin/img/icon-changelink.svg HTTP/1.1" 304 0
"GET /static/admin/js/change_form.js HTTP/1.1" 304 0
"GET /static/admin/img/icon-viewlink.svg HTTP/1.1" 304 0
"GET /static/admin/img/icon-addlink.svg HTTP/1.1" 304 0
"GET /static/admin/img/inline-delete.svg HTTP/1.1" 304 0
"POST /admin/home/question/add/ HTTP/1.1" 302 0
"GET /admin/home/question/ HTTP/1.1" 200 42999
"GET /static/admin/css/changelists.css HTTP/1.1" 304 0
"GET /admin/jsi18n/ HTTP/1.1" 200 3343
"GET /static/admin/js/filters.js HTTP/1.1" 304 0
"GET /static/admin/img/icon-yes.svg HTTP/1.1" 304 0
"GET /static/admin/img/tooltag-add.svg HTTP/1.1" 304 0
"GET /admin/home/question/add/ HTTP/1.1" 200 21313
"GET /admin/jsi18n/ HTTP/1.1" 200 3343
"POST /admin/home/question/add/ HTTP/1.1" 302 0
"GET /admin/home/question/ HTTP/1.1" 200 43046
"GET /admin/jsi18n/ HTTP/1.1" 200 3343
"GET /admin/home/question/add/ HTTP/1.1" 200 21313
"GET /static/admin/css/base.css HTTP/1.1" 304 0
"GET /static/admin/css/dark_mode.css HTTP/1.1" 304 0
"GET /static/admin/css/nav_sidebar.css HTTP/1.1" 304 0
"GET /static/admin/css/forms.css HTTP/1.1" 304 0
"GET /static/admin/js/core.js HTTP/1.1" 304 0
"GET /static/admin/js/inlines.js HTTP/1.1" 304 0
"GET /static/admin/js/jquery.init.js HTTP/1.1" 304 0
"GET /static/admin/js/vendor/jquery/jquery.js HTTP/1.1" 304 0
"GET /static/admin/css/responsive.css HTTP/1.1" 304 0
"GET /static/admin/js/admin/RelatedObjectLookups.js HTTP/1.1" 304 0
"GET /static/admin/js/actions.js HTTP/1.1" 304 0
"GET /static/admin/css/fonts.css HTTP/1.1" 304 0
"GET /static/admin/js/urlify.js HTTP/1.1" 304 0
"GET /static/admin/js/prepopulate.js HTTP/1.1" 304 0
"GET /admin/jsi18n/ HTTP/1.1" 200 3343
"GET /static/admin/css/widgets.css HTTP/1.1" 304 0
"GET /static/admin/js/vendor/xregexp/xregexp.js HTTP/1.1" 304 0
"GET /static/admin/js/nav_sidebar.js HTTP/1.1" 304 0
"GET /static/admin/js/prepopulate_init.js HTTP/1.1" 304 0
"GET /static/admin/img/icon-addlink.svg HTTP/1.1" 304 0
"GET /static/admin/img/icon-viewlink.svg HTTP/1.1" 304 0
"GET /static/admin/img/icon-changelink.svg HTTP/1.1" 304 0
"GET /static/admin/js/change_form.js HTTP/1.1" 304 0
"GET /static/admin/fonts/Roboto-Regular-webfont.woff HTTP/1.1" 304 0
"GET /static/admin/fonts/Roboto-Bold-webfont.woff HTTP/1.1" 304 0
"GET /static/admin/fonts/Roboto-Light-webfont.woff HTTP/1.1" 304 0
"GET /static/admin/img/inline-delete.svg HTTP/1.1" 304 0
"GET /admin/ HTTP/1.1" 200 11376
"GET /static/admin/css/dashboard.css HTTP/1.1" 304 0
"GET /admin/home/category/add/ HTTP/1.1" 200 9079
"GET /admin/jsi18n/ HTTP/1.1" 200 3343
"GET /admin/ HTTP/1.1" 200 11376
"GET /admin/home/category/add/ HTTP/1.1" 200 9079
"GET /admin/home/ HTTP/1.1" 200 6467
"GET /admin/home/category/add/ HTTP/1.1" 200 9079
"GET /admin/jsi18n/ HTTP/1.1" 200 3343
"GET /admin/ HTTP/1.1" 200 11376
"GET /admin/home/category/add/ HTTP/1.1" 200 9079
"GET /admin/jsi18n/ HTTP/1.1" 200 3343
"POST /admin/home/category/add/ HTTP/1.1" 302 0
"GET /admin/home/category/ HTTP/1.1" 200 14003
"GET /static/admin/css/changelists.css HTTP/1.1" 304 0
"GET /static/admin/js/filters.js HTTP/1.1" 304 0
"GET /admin/jsi18n/ HTTP/1.1" 200 3343
"GET /static/admin/img/icon-yes.svg HTTP/1.1" 304 0
"GET /static/admin/img/tooltag-add.svg HTTP/1.1" 304 0
"GET /admin/home/question/add/ HTTP/1.1" 200 21388
"GET /admin/jsi18n/ HTTP/1.1" 200 3343
"POST /admin/home/question/add/ HTTP/1.1" 302 0
"GET /admin/home/question/ HTTP/1.1" 200 43036
"GET /static/admin/css/dark_mode.css HTTP/1.1" 304 0
"GET /static/admin/css/base.css HTTP/1.1" 304 0
"GET /static/admin/css/nav_sidebar.css HTTP/1.1" 304 0
"GET /static/admin/css/changelists.css HTTP/1.1" 304 0
"GET /static/admin/js/admin/RelatedObjectLookups.js HTTP/1.1" 304 0
"GET /static/admin/js/vendor/jquery/jquery.js HTTP/1.1" 304 0
"GET /static/admin/js/jquery.init.js HTTP/1.1" 304 0
"GET /static/admin/js/core.js HTTP/1.1" 304 0
"GET /static/admin/css/responsive.css HTTP/1.1" 304 0
"GET /static/admin/css/fonts.css HTTP/1.1" 304 0
"GET /static/admin/js/urlify.js HTTP/1.1" 304 0
"GET /static/admin/js/vendor/xregexp/xregexp.js HTTP/1.1" 304 0
"GET /static/admin/js/prepopulate.js HTTP/1.1" 304 0
"GET /static/admin/js/actions.js HTTP/1.1" 304 0
"GET /admin/jsi18n/ HTTP/1.1" 200 3343
"GET /static/admin/js/nav_sidebar.js HTTP/1.1" 304 0
"GET /static/admin/js/filters.js HTTP/1.1" 304 0
"GET /static/admin/img/icon-yes.svg HTTP/1.1" 304 0
"GET /static/admin/img/tooltag-add.svg HTTP/1.1" 304 0
"GET /static/admin/fonts/Roboto-Regular-webfont.woff HTTP/1.1" 304 0
"GET /static/admin/fonts/Roboto-Light-webfont.woff HTTP/1.1" 304 0
"GET /static/admin/fonts/Roboto-Bold-webfont.woff HTTP/1.1" 304 0
"GET /admin/home/question/add/ HTTP/1.1" 200 21388
"GET /static/admin/css/forms.css HTTP/1.1" 304 0
"GET /static/admin/js/inlines.js HTTP/1.1" 304 0
"GET /static/admin/css/widgets.css HTTP/1.1" 304 0
"GET /admin/jsi18n/ HTTP/1.1" 200 3343
"GET /static/admin/js/prepopulate_init.js HTTP/1.1" 304 0
"GET /static/admin/img/icon-changelink.svg HTTP/1.1" 304 0
"GET /static/admin/img/icon-addlink.svg HTTP/1.1" 304 0
"GET /static/admin/img/icon-viewlink.svg HTTP/1.1" 304 0
"GET /static/admin/js/change_form.js HTTP/1.1" 304 0
"GET /static/admin/img/inline-delete.svg HTTP/1.1" 304 0
"POST /admin/home/question/add/ HTTP/1.1" 302 0
"GET /admin/home/question/ HTTP/1.1" 200 43026
"GET /admin/jsi18n/ HTTP/1.1" 200 3343
"GET /admin/home/question/add/ HTTP/1.1" 200 21388
"GET /admin/jsi18n/ HTTP/1.1" 200 3343
"POST /admin/home/question/add/ HTTP/1.1" 302 0
"GET /admin/home/question/ HTTP/1.1" 200 43056
"GET /admin/jsi18n/ HTTP/1.1" 200 3343
"GET /admin/home/question/add/ HTTP/1.1" 200 21388
"GET /admin/jsi18n/ HTTP/1.1" 200 3343
"POST /admin/home/question/add/ HTTP/1.1" 302 0
"GET /admin/home/question/ HTTP/1.1" 200 43044
"GET /admin/jsi18n/ HTTP/1.1" 200 3343
"GET /admin/home/question/add/ HTTP/1.1" 200 21388
"GET /admin/jsi18n/ HTTP/1.1" 200 3343
"POST /admin/home/question/add/ HTTP/1.1" 302 0
"GET /admin/home/question/ HTTP/1.1" 200 43023
"GET /admin/jsi18n/ HTTP/1.1" 200 3343
"GET /admin/home/question/add/ HTTP/1.1" 200 21388
"GET /admin/jsi18n/ HTTP/1.1" 200 3343
"POST /admin/home/question/add/ HTTP/1.1" 302 0
"GET /admin/home/question/ HTTP/1.1" 200 43074
"GET /admin/jsi18n/ HTTP/1.1" 200 3343
"GET /admin/home/question/add/ HTTP/1.1" 200 21388
"GET /static/admin/css/base.css HTTP/1.1" 304 0
"GET /static/admin/css/dark_mode.css HTTP/1.1" 304 0
"GET /static/admin/css/nav_sidebar.css HTTP/1.1" 304 0
"GET /static/admin/css/forms.css HTTP/1.1" 304 0
"GET /static/admin/js/vendor/jquery/jquery.js HTTP/1.1" 304 0
"GET /static/admin/js/jquery.init.js HTTP/1.1" 304 0
"GET /static/admin/js/core.js HTTP/1.1" 304 0
"GET /static/admin/css/responsive.css HTTP/1.1" 304 0
"GET /static/admin/js/admin/RelatedObjectLookups.js HTTP/1.1" 304 0
"GET /static/admin/css/fonts.css HTTP/1.1" 304 0
"GET /static/admin/js/inlines.js HTTP/1.1" 304 0
"GET /static/admin/js/actions.js HTTP/1.1" 304 0
"GET /static/admin/css/widgets.css HTTP/1.1" 304 0
"GET /admin/jsi18n/ HTTP/1.1" 200 3343
"GET /static/admin/js/prepopulate.js HTTP/1.1" 304 0
"GET /static/admin/js/vendor/xregexp/xregexp.js HTTP/1.1" 304 0
"GET /static/admin/js/urlify.js HTTP/1.1" 304 0
"GET /static/admin/js/nav_sidebar.js HTTP/1.1" 304 0
"GET /static/admin/js/prepopulate_init.js HTTP/1.1" 304 0
"GET /static/admin/img/icon-changelink.svg HTTP/1.1" 304 0
"GET /static/admin/img/icon-viewlink.svg HTTP/1.1" 304 0
"GET /static/admin/img/icon-addlink.svg HTTP/1.1" 304 0
"GET /static/admin/js/change_form.js HTTP/1.1" 304 0
"GET /static/admin/fonts/Roboto-Regular-webfont.woff HTTP/1.1" 304 0
"GET /static/admin/fonts/Roboto-Bold-webfont.woff HTTP/1.1" 304 0
"GET /static/admin/fonts/Roboto-Light-webfont.woff HTTP/1.1" 304 0
"GET /static/admin/img/inline-delete.svg HTTP/1.1" 304 0
"POST /admin/home/question/add/ HTTP/1.1" 302 0
"GET /admin/home/question/ HTTP/1.1" 200 43031
"GET /static/admin/css/changelists.css HTTP/1.1" 304 0
"GET /admin/jsi18n/ HTTP/1.1" 200 3343
"GET /static/admin/js/filters.js HTTP/1.1" 304 0
"GET /static/admin/img/icon-yes.svg HTTP/1.1" 304 0
"GET /static/admin/img/tooltag-add.svg HTTP/1.1" 304 0
"GET /admin/home/question/add/ HTTP/1.1" 200 21388
"GET /admin/jsi18n/ HTTP/1.1" 200 3343
"POST /admin/home/question/add/ HTTP/1.1" 302 0
"GET /admin/home/question/ HTTP/1.1" 200 43006
"GET /admin/jsi18n/ HTTP/1.1" 200 3343
"GET /admin/home/question/add/ HTTP/1.1" 200 21388
"GET /admin/jsi18n/ HTTP/1.1" 200 3343
"POST /admin/home/question/add/ HTTP/1.1" 302 0
"GET /admin/home/question/ HTTP/1.1" 200 43021
"GET /admin/jsi18n/ HTTP/1.1" 200 3343
"GET /admin/home/question/add/ HTTP/1.1" 200 21388
"GET /admin/jsi18n/ HTTP/1.1" 200 3343
"POST /admin/home/question/add/ HTTP/1.1" 302 0
"GET /admin/home/question/ HTTP/1.1" 200 43011
"GET /admin/jsi18n/ HTTP/1.1" 200 3343
"GET /admin/home/question/add/ HTTP/1.1" 200 21388
"GET /admin/jsi18n/ HTTP/1.1" 200 3343
"GET /admin/ HTTP/1.1" 200 11643
"GET /static/admin/css/dashboard.css HTTP/1.1" 304 0
"GET /admin/home/category/add/ HTTP/1.1" 200 9079
"GET /admin/jsi18n/ HTTP/1.1" 200 3343
"POST /admin/home/category/add/ HTTP/1.1" 302 0
"GET /admin/home/category/ HTTP/1.1" 200 14276
"GET /admin/jsi18n/ HTTP/1.1" 200 3343
"GET /admin/home/ HTTP/1.1" 200 6467
"GET /admin/ HTTP/1.1" 200 11567
"GET /admin/home/question/add/ HTTP/1.1" 200 21460
"GET /admin/jsi18n/ HTTP/1.1" 200 3343
"POST /admin/home/question/add/ HTTP/1.1" 302 0
"GET /admin/home/question/ HTTP/1.1" 200 43012
"GET /static/admin/css/base.css HTTP/1.1" 304 0
"GET /static/admin/css/dark_mode.css HTTP/1.1" 304 0
"GET /static/admin/css/nav_sidebar.css HTTP/1.1" 304 0
"GET /static/admin/css/changelists.css HTTP/1.1" 304 0
"GET /static/admin/js/jquery.init.js HTTP/1.1" 304 0
"GET /static/admin/js/core.js HTTP/1.1" 304 0
"GET /static/admin/css/responsive.css HTTP/1.1" 304 0
"GET /static/admin/js/admin/RelatedObjectLookups.js HTTP/1.1" 304 0
"GET /static/admin/js/actions.js HTTP/1.1" 304 0
"GET /static/admin/js/vendor/jquery/jquery.js HTTP/1.1" 304 0
"GET /static/admin/js/urlify.js HTTP/1.1" 304 0
"GET /static/admin/css/fonts.css HTTP/1.1" 304 0
"GET /static/admin/js/vendor/xregexp/xregexp.js HTTP/1.1" 304 0
"GET /static/admin/js/prepopulate.js HTTP/1.1" 304 0
"GET /admin/jsi18n/ HTTP/1.1" 200 3343
"GET /static/admin/js/nav_sidebar.js HTTP/1.1" 304 0
"GET /static/admin/js/filters.js HTTP/1.1" 304 0
"GET /static/admin/img/icon-yes.svg HTTP/1.1" 304 0
"GET /static/admin/fonts/Roboto-Regular-webfont.woff HTTP/1.1" 304 0
"GET /static/admin/img/tooltag-add.svg HTTP/1.1" 304 0
"GET /static/admin/fonts/Roboto-Light-webfont.woff HTTP/1.1" 304 0
"GET /static/admin/fonts/Roboto-Bold-webfont.woff HTTP/1.1" 304 0
"GET /admin/home/question/add/ HTTP/1.1" 200 21460
"GET /static/admin/css/forms.css HTTP/1.1" 304 0
"GET /static/admin/js/inlines.js HTTP/1.1" 304 0
"GET /admin/jsi18n/ HTTP/1.1" 200 3343
"GET /static/admin/css/widgets.css HTTP/1.1" 304 0
"GET /static/admin/js/prepopulate_init.js HTTP/1.1" 304 0
"GET /static/admin/img/icon-changelink.svg HTTP/1.1" 304 0
"GET /static/admin/img/icon-addlink.svg HTTP/1.1" 304 0
"GET /static/admin/img/icon-viewlink.svg HTTP/1.1" 304 0
"GET /static/admin/js/change_form.js HTTP/1.1" 304 0
"GET /static/admin/img/inline-delete.svg HTTP/1.1" 304 0
"POST /admin/home/question/add/ HTTP/1.1" 302 0
"GET /admin/home/question/ HTTP/1.1" 200 42988
"GET /admin/jsi18n/ HTTP/1.1" 200 3343
"GET /admin/home/question/add/ HTTP/1.1" 200 21460
"GET /admin/jsi18n/ HTTP/1.1" 200 3343
"POST /admin/home/question/add/ HTTP/1.1" 302 0
"GET /admin/home/question/ HTTP/1.1" 200 43018
"GET /admin/jsi18n/ HTTP/1.1" 200 3343
"GET /admin/home/question/add/ HTTP/1.1" 200 21460
"GET /admin/jsi18n/ HTTP/1.1" 200 3343
"POST /admin/home/question/add/ HTTP/1.1" 302 0
"GET /admin/home/question/ HTTP/1.1" 200 43006
"GET /admin/jsi18n/ HTTP/1.1" 200 3343
"GET /admin/home/question/add/ HTTP/1.1" 200 21460
"GET /admin/jsi18n/ HTTP/1.1" 200 3343
"POST /admin/home/question/add/ HTTP/1.1" 302 0
"GET /admin/home/question/ HTTP/1.1" 200 42990
"GET /admin/jsi18n/ HTTP/1.1" 200 3343
"GET /admin/home/question/add/ HTTP/1.1" 200 21460
"GET /admin/jsi18n/ HTTP/1.1" 200 3343
"POST /admin/home/question/add/ HTTP/1.1" 302 0
"GET /admin/home/question/ HTTP/1.1" 200 43041
"GET /admin/jsi18n/ HTTP/1.1" 200 3343
"GET /admin/home/question/add/ HTTP/1.1" 200 21460
"GET /admin/jsi18n/ HTTP/1.1" 200 3343
"POST /admin/home/question/add/ HTTP/1.1" 302 0
"GET /admin/home/question/ HTTP/1.1" 200 42998
"GET /admin/jsi18n/ HTTP/1.1" 200 3343
"GET /admin/home/question/add/ HTTP/1.1" 200 21460
"GET /admin/jsi18n/ HTTP/1.1" 200 3343
"POST /admin/home/question/add/ HTTP/1.1" 302 0
"GET /admin/home/question/ HTTP/1.1" 200 42925
"GET /admin/jsi18n/ HTTP/1.1" 200 3343
"GET /admin/home/question/add/ HTTP/1.1" 200 21460
"GET /admin/jsi18n/ HTTP/1.1" 200 3343
"POST /admin/home/question/add/ HTTP/1.1" 302 0
"GET /admin/home/question/ HTTP/1.1" 200 43023
"GET /admin/jsi18n/ HTTP/1.1" 200 3343
"GET /admin/home/question/add/ HTTP/1.1" 200 21460
"GET /admin/jsi18n/ HTTP/1.1" 200 3343
"POST /admin/home/question/add/ HTTP/1.1" 302 0
"GET /admin/home/question/ HTTP/1.1" 200 43013
"GET /admin/jsi18n/ HTTP/1.1" 200 3343
"GET /admin/home/video/add/ HTTP/1.1" 200 12837
"GET /admin/jsi18n/ HTTP/1.1" 200 3343
"POST /admin/home/video/add/ HTTP/1.1" 302 0
"GET /admin/home/video/ HTTP/1.1" 200 26025
"GET /admin/jsi18n/ HTTP/1.1" 200 3343
"GET /admin/home/video/add/ HTTP/1.1" 200 12837
"GET /admin/jsi18n/ HTTP/1.1" 200 3343
"POST /admin/home/video/add/ HTTP/1.1" 302 0
"GET /admin/home/video/ HTTP/1.1" 200 26353
"GET /static/admin/css/dark_mode.css HTTP/1.1" 304 0
"GET /static/admin/css/base.css HTTP/1.1" 304 0
"GET /static/admin/css/nav_sidebar.css HTTP/1.1" 304 0
"GET /static/admin/css/changelists.css HTTP/1.1" 304 0
"GET /static/admin/js/vendor/jquery/jquery.js HTTP/1.1" 304 0
"GET /static/admin/js/jquery.init.js HTTP/1.1" 304 0
"GET /static/admin/css/responsive.css HTTP/1.1" 304 0
"GET /static/admin/js/core.js HTTP/1.1" 304 0
"GET /static/admin/js/admin/RelatedObjectLookups.js HTTP/1.1" 304 0
"GET /static/admin/js/actions.js HTTP/1.1" 304 0
"GET /static/admin/css/fonts.css HTTP/1.1" 304 0
"GET /static/admin/js/prepopulate.js HTTP/1.1" 304 0
"GET /static/admin/js/urlify.js HTTP/1.1" 304 0
"GET /admin/jsi18n/ HTTP/1.1" 200 3343
"GET /static/admin/js/vendor/xregexp/xregexp.js HTTP/1.1" 304 0
"GET /static/admin/js/nav_sidebar.js HTTP/1.1" 304 0
"GET /static/admin/js/filters.js HTTP/1.1" 304 0
"GET /static/admin/fonts/Roboto-Regular-webfont.woff HTTP/1.1" 304 0
"GET /static/admin/img/icon-addlink.svg HTTP/1.1" 304 0
"GET /static/admin/img/icon-yes.svg HTTP/1.1" 304 0
"GET /static/admin/img/tooltag-add.svg HTTP/1.1" 304 0
"GET /static/admin/fonts/Roboto-Light-webfont.woff HTTP/1.1" 304 0
"GET /static/admin/fonts/Roboto-Bold-webfont.woff HTTP/1.1" 304 0
"GET /admin/home/video/add/ HTTP/1.1" 200 12837
"GET /static/admin/css/forms.css HTTP/1.1" 304 0
"GET /admin/jsi18n/ HTTP/1.1" 200 3343
"GET /static/admin/js/prepopulate_init.js HTTP/1.1" 304 0
"GET /static/admin/css/widgets.css HTTP/1.1" 304 0
"GET /static/admin/img/icon-changelink.svg HTTP/1.1" 304 0
"GET /static/admin/img/icon-viewlink.svg HTTP/1.1" 304 0
"GET /static/admin/js/change_form.js HTTP/1.1" 304 0
"GET /admin/home/video/ HTTP/1.1" 200 26147
"GET /admin/home/video/add/ HTTP/1.1" 200 12837
"GET /admin/jsi18n/ HTTP/1.1" 200 3343
"POST /admin/home/video/add/ HTTP/1.1" 302 0
"GET /admin/home/video/ HTTP/1.1" 200 26670
"GET /admin/jsi18n/ HTTP/1.1" 200 3343
"GET /admin/home/video/add/ HTTP/1.1" 200 12837
"GET /admin/jsi18n/ HTTP/1.1" 200 3343
"POST /admin/home/video/add/ HTTP/1.1" 302 0
"GET /admin/home/video/ HTTP/1.1" 200 27020
"GET /admin/jsi18n/ HTTP/1.1" 200 3343
"GET /admin/home/video/add/ HTTP/1.1" 200 12837
"GET /admin/jsi18n/ HTTP/1.1" 200 3343
"GET /admin/ HTTP/1.1" 200 11247
"GET /static/admin/css/dashboard.css HTTP/1.1" 304 0
"GET /admin/home/video/add/ HTTP/1.1" 200 12837
"GET /admin/jsi18n/ HTTP/1.1" 200 3343
"POST /admin/home/video/add/ HTTP/1.1" 200 13082
"GET /admin/jsi18n/ HTTP/1.1" 200 3343
"POST /admin/home/video/add/ HTTP/1.1" 302 0
"GET /admin/home/video/ HTTP/1.1" 200 27339
"GET /admin/jsi18n/ HTTP/1.1" 200 3343
"GET /admin/home/video/add/ HTTP/1.1" 200 12837
"GET /admin/jsi18n/ HTTP/1.1" 200 3343
"GET /admin/home/video/ HTTP/1.1" 200 27133
"GET /admin/jsi18n/ HTTP/1.1" 200 3343
"GET /admin/home/video/?o=2 HTTP/1.1" 200 28774
"GET /admin/jsi18n/ HTTP/1.1" 200 3343
"GET /static/admin/img/sorting-icons.svg HTTP/1.1" 200 1097
"GET /admin/home/video/ HTTP/1.1" 200 27133
"GET /admin/jsi18n/ HTTP/1.1" 200 3343
"POST /admin/home/video/ HTTP/1.1" 302 0
"GET /admin/home/video/ HTTP/1.1" 200 27258
"GET /admin/jsi18n/ HTTP/1.1" 200 3343
"GET /static/admin/img/icon-alert.svg HTTP/1.1" 200 504
"GET /admin/home/video/48/change/ HTTP/1.1" 200 13208
"GET /admin/jsi18n/ HTTP/1.1" 200 3343
"POST /admin/home/video/48/change/ HTTP/1.1" 302 0
"GET /admin/home/video/ HTTP/1.1" 200 27345
"GET /admin/jsi18n/ HTTP/1.1" 200 3343
"GET /admin/home/video/46/change/ HTTP/1.1" 200 13221
"GET /admin/jsi18n/ HTTP/1.1" 200 3343
"POST /admin/home/video/46/change/ HTTP/1.1" 302 0
"GET /admin/home/video/ HTTP/1.1" 200 27345
"GET /admin/jsi18n/ HTTP/1.1" 200 3343
"GET /admin/home/video/add/ HTTP/1.1" 200 12837
"GET /static/admin/css/base.css HTTP/1.1" 304 0
"GET /static/admin/css/dark_mode.css HTTP/1.1" 304 0
"GET /static/admin/css/nav_sidebar.css HTTP/1.1" 304 0
"GET /static/admin/js/vendor/jquery/jquery.js HTTP/1.1" 304 0
"GET /static/admin/js/jquery.init.js HTTP/1.1" 304 0
"GET /static/admin/js/actions.js HTTP/1.1" 304 0
"GET /static/admin/js/urlify.js HTTP/1.1" 304 0
"GET /static/admin/css/responsive.css HTTP/1.1" 304 0
"GET /static/admin/js/prepopulate.js HTTP/1.1" 304 0
"GET /static/admin/js/vendor/xregexp/xregexp.js HTTP/1.1" 304 0
"GET /admin/jsi18n/ HTTP/1.1" 200 3343
"GET /static/admin/css/fonts.css HTTP/1.1" 304 0
"GET /static/admin/js/core.js HTTP/1.1" 304 0
"GET /static/admin/js/admin/RelatedObjectLookups.js HTTP/1.1" 304 0
"GET /static/admin/js/nav_sidebar.js HTTP/1.1" 304 0
"GET /static/admin/img/icon-addlink.svg HTTP/1.1" 304 0
"GET /static/admin/fonts/Roboto-Regular-webfont.woff HTTP/1.1" 304 0
"GET /static/admin/fonts/Roboto-Bold-webfont.woff HTTP/1.1" 304 0
"GET /static/admin/fonts/Roboto-Light-webfont.woff HTTP/1.1" 304 0
"POST /admin/home/video/add/ HTTP/1.1" 302 0
"GET /admin/home/video/ HTTP/1.1" 200 27665
"GET /static/admin/css/changelists.css HTTP/1.1" 304 0
"GET /admin/jsi18n/ HTTP/1.1" 200 3343
"GET /static/admin/js/filters.js HTTP/1.1" 304 0
"GET /static/admin/img/icon-yes.svg HTTP/1.1" 304 0
"GET /static/admin/img/tooltag-add.svg HTTP/1.1" 304 0
"GET /admin/home/video/add/ HTTP/1.1" 200 12837
"GET /admin/jsi18n/ HTTP/1.1" 200 3343
"POST /admin/home/video/add/ HTTP/1.1" 302 0
"GET /admin/home/video/ HTTP/1.1" 200 27988
"GET /admin/jsi18n/ HTTP/1.1" 200 3343
"GET /admin/home/video/add/ HTTP/1.1" 200 12837
"GET /static/admin/css/forms.css HTTP/1.1" 304 0
"GET /static/admin/js/prepopulate_init.js HTTP/1.1" 304 0
"GET /admin/jsi18n/ HTTP/1.1" 200 3343
"GET /static/admin/css/widgets.css HTTP/1.1" 304 0
"GET /static/admin/img/icon-changelink.svg HTTP/1.1" 304 0
"GET /static/admin/img/icon-viewlink.svg HTTP/1.1" 304 0
"GET /static/admin/js/change_form.js HTTP/1.1" 304 0
"POST /admin/home/video/add/ HTTP/1.1" 302 0
"GET /admin/home/video/ HTTP/1.1" 200 28326
"GET /admin/jsi18n/ HTTP/1.1" 200 3343
"GET /admin/home/video/add/ HTTP/1.1" 200 12837
"GET /admin/jsi18n/ HTTP/1.1" 200 3343
"GET /admin/home/video/ HTTP/1.1" 200 28120
"GET /admin/jsi18n/ HTTP/1.1" 200 3343
"GET /admin/home/video/ HTTP/1.1" 200 28120
"GET /admin/jsi18n/ HTTP/1.1" 200 3343
"GET /admin/home/video/add/ HTTP/1.1" 200 12837
"GET /admin/jsi18n/ HTTP/1.1" 200 3343
"POST /admin/home/video/add/ HTTP/1.1" 302 0
"GET /admin/home/video/ HTTP/1.1" 200 28703
"GET /admin/jsi18n/ HTTP/1.1" 200 3343
"GET /admin/home/video/add/ HTTP/1.1" 200 12837
"GET /admin/jsi18n/ HTTP/1.1" 200 3343
"GET /admin/home/video/ HTTP/1.1" 200 28497
"GET /admin/jsi18n/ HTTP/1.1" 200 3343
"GET /admin/home/video/ HTTP/1.1" 200 28497
"GET /admin/jsi18n/ HTTP/1.1" 200 3343
"GET /admin/home/video/add/ HTTP/1.1" 200 12837
"GET /admin/jsi18n/ HTTP/1.1" 200 3343
"GET /admin/home/video/ HTTP/1.1" 200 28497
"GET /static/admin/css/dark_mode.css HTTP/1.1" 304 0
"GET /static/admin/css/base.css HTTP/1.1" 304 0
"GET /static/admin/js/jquery.init.js HTTP/1.1" 304 0
"GET /static/admin/css/changelists.css HTTP/1.1" 304 0
"GET /static/admin/js/vendor/jquery/jquery.js HTTP/1.1" 304 0
"GET /static/admin/css/nav_sidebar.css HTTP/1.1" 304 0
"GET /static/admin/css/responsive.css HTTP/1.1" 304 0
"GET /static/admin/js/core.js HTTP/1.1" 304 0
"GET /static/admin/css/fonts.css HTTP/1.1" 304 0
"GET /static/admin/js/admin/RelatedObjectLookups.js HTTP/1.1" 304 0
"GET /static/admin/js/actions.js HTTP/1.1" 304 0
"GET /static/admin/js/urlify.js HTTP/1.1" 304 0
"GET /static/admin/js/vendor/xregexp/xregexp.js HTTP/1.1" 304 0
"GET /static/admin/js/prepopulate.js HTTP/1.1" 304 0
"GET /static/admin/js/nav_sidebar.js HTTP/1.1" 304 0
"GET /admin/jsi18n/ HTTP/1.1" 200 3343
"GET /static/admin/js/filters.js HTTP/1.1" 304 0
"GET /static/admin/fonts/Roboto-Regular-webfont.woff HTTP/1.1" 304 0
"GET /static/admin/img/icon-addlink.svg HTTP/1.1" 304 0
"GET /static/admin/img/tooltag-add.svg HTTP/1.1" 304 0
"GET /static/admin/fonts/Roboto-Light-webfont.woff HTTP/1.1" 304 0
"GET /static/admin/fonts/Roboto-Bold-webfont.woff HTTP/1.1" 304 0
"GET /admin/home/video/add/ HTTP/1.1" 200 12837
"GET /static/admin/css/forms.css HTTP/1.1" 304 0
"GET /admin/jsi18n/ HTTP/1.1" 200 3343
"GET /static/admin/js/prepopulate_init.js HTTP/1.1" 304 0
"GET /static/admin/css/widgets.css HTTP/1.1" 304 0
"GET /static/admin/img/icon-changelink.svg HTTP/1.1" 304 0
"GET /static/admin/img/icon-viewlink.svg HTTP/1.1" 304 0
"GET /static/admin/js/change_form.js HTTP/1.1" 304 0
"POST /admin/home/video/add/ HTTP/1.1" 302 0
"GET /admin/home/video/ HTTP/1.1" 200 29028
"GET /admin/jsi18n/ HTTP/1.1" 200 3343
"GET /static/admin/img/icon-yes.svg HTTP/1.1" 304 0
"GET /admin/home/video/add/ HTTP/1.1" 200 12837
"GET /admin/jsi18n/ HTTP/1.1" 200 3343
"POST /admin/home/video/add/ HTTP/1.1" 302 0
"GET /admin/home/video/ HTTP/1.1" 200 29339
"GET /admin/jsi18n/ HTTP/1.1" 200 3343
"GET /admin/home/video/add/ HTTP/1.1" 200 12837
"GET /admin/jsi18n/ HTTP/1.1" 200 3343
"POST /admin/home/video/add/ HTTP/1.1" 302 0
"GET /admin/home/video/ HTTP/1.1" 200 29657
"GET /admin/jsi18n/ HTTP/1.1" 200 3343
"GET /admin/home/video/add/ HTTP/1.1" 200 12837
"GET /admin/jsi18n/ HTTP/1.1" 200 3343
"GET /admin/home/video/add/ HTTP/1.1" 200 12837
"GET /admin/jsi18n/ HTTP/1.1" 200 3343
"GET /admin/home/video/ HTTP/1.1" 200 29451
"GET /admin/jsi18n/ HTTP/1.1" 200 3343
"GET /admin/home/video/55/change/ HTTP/1.1" 200 13222
"GET /admin/jsi18n/ HTTP/1.1" 200 3343
"GET /admin/home/video/ HTTP/1.1" 200 29451
"GET /admin/jsi18n/ HTTP/1.1" 200 3343
"GET /admin/home/video/53/change/ HTTP/1.1" 200 13229
"GET /admin/jsi18n/ HTTP/1.1" 200 3343
"GET /admin/home/video/ HTTP/1.1" 200 29451
"GET /admin/jsi18n/ HTTP/1.1" 200 3343
"GET /admin/home/video/39/change/ HTTP/1.1" 200 13192
"GET /admin/jsi18n/ HTTP/1.1" 200 3343
"GET /admin/home/video/ HTTP/1.1" 200 29451
"GET /admin/home/video/31/change/ HTTP/1.1" 200 13206
"GET /admin/jsi18n/ HTTP/1.1" 200 3343
"GET /admin/home/video/ HTTP/1.1" 200 29451
"GET /admin/home/video/42/change/ HTTP/1.1" 200 13188
"GET /admin/jsi18n/ HTTP/1.1" 200 3343
"GET /admin/home/video/ HTTP/1.1" 200 29451
"GET /admin/home/video/44/change/ HTTP/1.1" 200 13214
"GET /admin/jsi18n/ HTTP/1.1" 200 3343
"POST /admin/home/video/44/change/ HTTP/1.1" 302 0
"GET /admin/home/video/add/ HTTP/1.1" 200 13078
"GET /admin/jsi18n/ HTTP/1.1" 200 3343
"GET /admin/home/video/ HTTP/1.1" 200 29451
"GET /admin/jsi18n/ HTTP/1.1" 200 3343
"GET /admin/home/video/45/change/ HTTP/1.1" 200 13228
"GET /admin/jsi18n/ HTTP/1.1" 200 3343
"POST /admin/home/video/45/change/ HTTP/1.1" 302 0
"GET /admin/home/video/add/ HTTP/1.1" 200 13078
"GET /admin/jsi18n/ HTTP/1.1" 200 3343
"GET /admin/home/video/ HTTP/1.1" 200 29451
"GET /admin/jsi18n/ HTTP/1.1" 200 3343
"GET /admin/home/video/46/change/ HTTP/1.1" 200 13221
"GET /admin/jsi18n/ HTTP/1.1" 200 3343
"POST /admin/home/video/46/change/ HTTP/1.1" 302 0
"GET /admin/home/video/add/ HTTP/1.1" 200 13078
"GET /admin/jsi18n/ HTTP/1.1" 200 3343
"GET /admin/home/video/ HTTP/1.1" 200 29451
"GET /admin/jsi18n/ HTTP/1.1" 200 3343
"GET /admin/home/video/46/change/ HTTP/1.1" 200 13178
"GET /admin/jsi18n/ HTTP/1.1" 200 3343
"GET /admin/home/video/ HTTP/1.1" 200 29451
"GET /admin/home/video/47/change/ HTTP/1.1" 200 13243
"GET /admin/jsi18n/ HTTP/1.1" 200 3343
"POST /admin/home/video/47/change/ HTTP/1.1" 302 0
"GET /admin/home/video/ HTTP/1.1" 200 29659
"GET /admin/jsi18n/ HTTP/1.1" 200 3343
"GET /admin/home/video/48/change/ HTTP/1.1" 200 13208
"GET /admin/jsi18n/ HTTP/1.1" 200 3343
"POST /admin/home/video/48/change/ HTTP/1.1" 302 0
"GET /admin/home/video/ HTTP/1.1" 200 29664
"GET /static/admin/css/base.css HTTP/1.1" 304 0
"GET /static/admin/css/dark_mode.css HTTP/1.1" 304 0
"GET /static/admin/css/nav_sidebar.css HTTP/1.1" 304 0
"GET /static/admin/css/changelists.css HTTP/1.1" 304 0
"GET /static/admin/js/vendor/jquery/jquery.js HTTP/1.1" 304 0
"GET /static/admin/js/jquery.init.js HTTP/1.1" 304 0
"GET /static/admin/js/admin/RelatedObjectLookups.js HTTP/1.1" 304 0
"GET /static/admin/js/core.js HTTP/1.1" 304 0
"GET /static/admin/js/actions.js HTTP/1.1" 304 0
"GET /static/admin/css/responsive.css HTTP/1.1" 304 0
"GET /static/admin/js/prepopulate.js HTTP/1.1" 304 0
"GET /static/admin/js/vendor/xregexp/xregexp.js HTTP/1.1" 304 0
"GET /static/admin/js/urlify.js HTTP/1.1" 304 0
"GET /static/admin/css/fonts.css HTTP/1.1" 304 0
"GET /admin/jsi18n/ HTTP/1.1" 200 3343
"GET /static/admin/js/filters.js HTTP/1.1" 304 0
"GET /static/admin/js/nav_sidebar.js HTTP/1.1" 304 0
"GET /static/admin/fonts/Roboto-Regular-webfont.woff HTTP/1.1" 304 0
"GET /static/admin/img/icon-addlink.svg HTTP/1.1" 304 0
"GET /static/admin/img/tooltag-add.svg HTTP/1.1" 304 0
"GET /static/admin/fonts/Roboto-Light-webfont.woff HTTP/1.1" 304 0
"GET /static/admin/fonts/Roboto-Bold-webfont.woff HTTP/1.1" 304 0
"GET /admin/home/video/49/change/ HTTP/1.1" 200 13215
"GET /static/admin/css/forms.css HTTP/1.1" 304 0
"GET /static/admin/js/prepopulate_init.js HTTP/1.1" 304 0
"GET /admin/jsi18n/ HTTP/1.1" 200 3343
"GET /static/admin/css/widgets.css HTTP/1.1" 304 0
"GET /static/admin/img/icon-changelink.svg HTTP/1.1" 304 0
"GET /static/admin/img/icon-viewlink.svg HTTP/1.1" 304 0
"GET /static/admin/js/change_form.js HTTP/1.1" 304 0
"POST /admin/home/video/49/change/ HTTP/1.1" 302 0
"GET /admin/home/video/ HTTP/1.1" 200 29664
"GET /admin/jsi18n/ HTTP/1.1" 200 3343
"GET /static/admin/img/icon-yes.svg HTTP/1.1" 304 0
"GET /admin/home/video/50/change/ HTTP/1.1" 200 13223
"GET /admin/jsi18n/ HTTP/1.1" 200 3343
"POST /admin/home/video/50/change/ HTTP/1.1" 302 0
"GET /admin/home/video/ HTTP/1.1" 200 29664
"GET /admin/jsi18n/ HTTP/1.1" 200 3343
"GET /admin/home/video/51/change/ HTTP/1.1" 200 13234
"GET /admin/jsi18n/ HTTP/1.1" 200 3343
"POST /admin/home/video/51/change/ HTTP/1.1" 302 0
"GET /admin/home/video/ HTTP/1.1" 200 29664
"GET /admin/jsi18n/ HTTP/1.1" 200 3343
"GET /admin/home/video/52/change/ HTTP/1.1" 200 13277
"GET /admin/jsi18n/ HTTP/1.1" 200 3343
"POST /admin/home/video/52/change/ HTTP/1.1" 302 0
"GET /admin/home/video/ HTTP/1.1" 200 29664
"GET /static/admin/css/base.css HTTP/1.1" 304 0
"GET /static/admin/css/dark_mode.css HTTP/1.1" 304 0
"GET /static/admin/css/nav_sidebar.css HTTP/1.1" 304 0
"GET /static/admin/js/jquery.init.js HTTP/1.1" 304 0
"GET /static/admin/js/vendor/jquery/jquery.js HTTP/1.1" 304 0
"GET /static/admin/css/changelists.css HTTP/1.1" 304 0
"GET /static/admin/js/core.js HTTP/1.1" 304 0
"GET /static/admin/js/admin/RelatedObjectLookups.js HTTP/1.1" 304 0
"GET /static/admin/css/responsive.css HTTP/1.1" 304 0
"GET /static/admin/css/fonts.css HTTP/1.1" 304 0
"GET /static/admin/js/actions.js HTTP/1.1" 304 0
"GET /static/admin/js/urlify.js HTTP/1.1" 304 0
"GET /static/admin/js/vendor/xregexp/xregexp.js HTTP/1.1" 304 0
"GET /static/admin/js/prepopulate.js HTTP/1.1" 304 0
"GET /admin/jsi18n/ HTTP/1.1" 200 3343
"GET /static/admin/js/nav_sidebar.js HTTP/1.1" 304 0
"GET /static/admin/js/filters.js HTTP/1.1" 304 0
"GET /static/admin/fonts/Roboto-Regular-webfont.woff HTTP/1.1" 304 0
"GET /static/admin/img/icon-addlink.svg HTTP/1.1" 304 0
"GET /static/admin/img/icon-yes.svg HTTP/1.1" 304 0
"GET /static/admin/img/tooltag-add.svg HTTP/1.1" 304 0
"GET /static/admin/fonts/Roboto-Light-webfont.woff HTTP/1.1" 304 0
"GET /static/admin/fonts/Roboto-Bold-webfont.woff HTTP/1.1" 304 0
"GET /admin/home/video/52/change/ HTTP/1.1" 200 13243
"GET /static/admin/css/forms.css HTTP/1.1" 304 0
"GET /admin/jsi18n/ HTTP/1.1" 200 3343
"GET /static/admin/css/widgets.css HTTP/1.1" 304 0
"GET /static/admin/js/prepopulate_init.js HTTP/1.1" 304 0
"GET /static/admin/img/icon-changelink.svg HTTP/1.1" 304 0
"GET /static/admin/img/icon-viewlink.svg HTTP/1.1" 304 0
"GET /static/admin/js/change_form.js HTTP/1.1" 304 0
"POST /admin/home/video/52/change/ HTTP/1.1" 302 0
"GET /admin/home/video/ HTTP/1.1" 200 29664
"GET /admin/jsi18n/ HTTP/1.1" 200 3343
"GET /admin/home/video/53/change/ HTTP/1.1" 200 13229
"GET /admin/jsi18n/ HTTP/1.1" 200 3343
"POST /admin/home/video/53/change/ HTTP/1.1" 302 0
"GET /admin/home/video/ HTTP/1.1" 200 29664
"GET /admin/jsi18n/ HTTP/1.1" 200 3343
"GET /admin/home/video/55/change/ HTTP/1.1" 200 13222
"GET /admin/jsi18n/ HTTP/1.1" 200 3343
"POST /admin/home/video/55/change/ HTTP/1.1" 302 0
"GET /admin/home/video/ HTTP/1.1" 200 29664
"GET /admin/jsi18n/ HTTP/1.1" 200 3343
"GET /admin/home/video/ HTTP/1.1" 200 29456
"GET /admin/jsi18n/ HTTP/1.1" 200 3343
"GET /admin/home/video/54/change/ HTTP/1.1" 200 13211
"GET /admin/jsi18n/ HTTP/1.1" 200 3343
"GET /admin/home/video/ HTTP/1.1" 200 29456
"GET /static/admin/css/dark_mode.css HTTP/1.1" 200 796
"GET /static/admin/css/nav_sidebar.css HTTP/1.1" 200 2619
"GET /static/admin/css/changelists.css HTTP/1.1" 200 6395
"GET /static/admin/css/base.css HTTP/1.1" 200 20344
"GET /static/admin/js/jquery.init.js HTTP/1.1" 200 347
"GET /admin/jsi18n/ HTTP/1.1" 200 3343
"GET /static/admin/css/responsive.css HTTP/1.1" 200 18854
"GET /static/admin/css/fonts.css HTTP/1.1" 200 423
"GET /static/admin/js/core.js HTTP/1.1" 200 5698
"GET /static/admin/js/admin/RelatedObjectLookups.js HTTP/1.1" 200 8985
"GET /static/admin/js/urlify.js HTTP/1.1" 200 7902
"GET /static/admin/js/actions.js HTTP/1.1" 200 7872
"GET /static/admin/js/prepopulate.js HTTP/1.1" 200 1531
"GET /static/admin/js/vendor/jquery/jquery.js HTTP/1.1" 200 288580
"GET /static/admin/js/vendor/xregexp/xregexp.js HTTP/1.1" 200 232381
"GET /static/admin/js/nav_sidebar.js HTTP/1.1" 200 3763
"GET /static/admin/js/filters.js HTTP/1.1" 200 966
"GET /static/admin/img/tooltag-add.svg HTTP/1.1" 200 331
"GET /static/admin/img/icon-addlink.svg HTTP/1.1" 200 331
"GET /static/admin/fonts/Roboto-Bold-webfont.woff HTTP/1.1" 200 86184
"GET /static/admin/fonts/Roboto-Light-webfont.woff HTTP/1.1" 200 85692
"GET /static/admin/fonts/Roboto-Regular-webfont.woff HTTP/1.1" 200 85876
"GET /admin/home/video/50/change/ HTTP/1.1" 200 13180
"GET /admin/jsi18n/ HTTP/1.1" 200 3343
"GET /static/admin/css/forms.css HTTP/1.1" 200 8944
"GET /static/admin/img/icon-changelink.svg HTTP/1.1" 200 380
"GET /static/admin/js/prepopulate_init.js HTTP/1.1" 200 586
"GET /static/admin/css/widgets.css HTTP/1.1" 200 11297
"GET /static/admin/img/icon-viewlink.svg HTTP/1.1" 200 581
"GET /static/admin/js/change_form.js HTTP/1.1" 200 606
"GET /admin/home/video/ HTTP/1.1" 200 29456
"GET /admin/home/video/51/change/ HTTP/1.1" 200 13191
"GET /admin/jsi18n/ HTTP/1.1" 200 3343
"GET /admin/home/video/ HTTP/1.1" 200 29456
"GET /admin/home/video/52/change/ HTTP/1.1" 200 13243
"GET /admin/jsi18n/ HTTP/1.1" 200 3343
"GET /admin/home/video/ HTTP/1.1" 200 29456
"GET /admin/home/video/53/change/ HTTP/1.1" 200 13186
"GET /admin/jsi18n/ HTTP/1.1" 200 3343
"GET /admin/home/video/ HTTP/1.1" 200 29456
"GET /admin/home/video/54/change/ HTTP/1.1" 200 13211
"GET /admin/jsi18n/ HTTP/1.1" 200 3343
"POST /admin/home/video/54/change/ HTTP/1.1" 302 0
"GET /admin/home/video/ HTTP/1.1" 200 29664
"GET /admin/jsi18n/ HTTP/1.1" 200 3343
"GET /static/admin/img/icon-yes.svg HTTP/1.1" 200 436
"GET /admin/home/video/54/change/ HTTP/1.1" 200 13168
"GET /admin/jsi18n/ HTTP/1.1" 200 3343
"GET /admin/home/video/ HTTP/1.1" 200 29456
"GET /admin/home/video/53/change/ HTTP/1.1" 200 13186
"GET /admin/jsi18n/ HTTP/1.1" 200 3343
"GET /admin/home/video/ HTTP/1.1" 200 29456
"GET /admin/home/video/55/change/ HTTP/1.1" 200 13222
"GET /admin/jsi18n/ HTTP/1.1" 200 3343
"POST /admin/home/video/55/change/ HTTP/1.1" 302 0
"GET /admin/home/video/ HTTP/1.1" 200 29664
"GET /admin/jsi18n/ HTTP/1.1" 200 3343
Watching for file changes with StatReloader
"GET / HTTP/1.1" 200 13272
"GET /static/images/ratnaglobal_logo.png HTTP/1.1" 304 0
"GET /static/images/loginimg.png HTTP/1.1" 304 0
Login page accessed!
Entered employee mail: venugopal.pemma@ratnaglobaltech.com
OTP is generated 5921
Previously employee attempted quiz for 5 time
Employee trying to login for 6 times, so employee is restricted!
"POST / HTTP/1.1" 200 5067
"GET /static/images/UserRestrict.png HTTP/1.1" 304 0
"GET / HTTP/1.1" 200 13272
Login page accessed!
Employee entered invalid username or email
"POST / HTTP/1.1" 200 13523
Login page accessed!
Employee entered invalid username or email
"POST / HTTP/1.1" 200 13523
Login page accessed!
Employee entered invalid username or email
"POST / HTTP/1.1" 200 13523
"GET / HTTP/1.1" 200 13272
Login page accessed!
Employee entered invalid username or email
"POST / HTTP/1.1" 200 13523
Login page accessed!
Employee entered invalid username or email
"POST / HTTP/1.1" 200 13523
Login page accessed!
New employee details are entered and saving into database
Entered employee mail: bhargavi.pasam@ratnaglobaltech.com
OTP is generated 8397
Otp is sent to employee mail-id: bhargavi.pasam@ratnaglobaltech.com
Employee details are saved into database
Employee is redirected to otp validation page!
"POST / HTTP/1.1" 200 11718
OTP validation is accessed!
OTP is verified successfully
Employee checked keep me signed: True
Employee logged-in successfully
"POST /validate/ HTTP/1.1" 302 0
Dashboard page is accessed!
Internal Server Error: /validate/dashboard/
Traceback (most recent call last):
  File "C:\Users\VenugopalPemma\Desktop\Git_code\venv\Lib\site-packages\django\core\handlers\exception.py", line 55, in inner
    response = get_response(request)
               ^^^^^^^^^^^^^^^^^^^^^
  File "C:\Users\VenugopalPemma\Desktop\Git_code\venv\Lib\site-packages\django\core\handlers\base.py", line 197, in _get_response
    response = wrapped_callback(request, *callback_args, **callback_kwargs)
               ^^^^^^^^^^^^^^^^^^^^^^^^^^^^^^^^^^^^^^^^^^^^^^^^^^^^^^^^^^^^
  File "C:\Users\VenugopalPemma\Desktop\Git_code\SwitchTech\home\views.py", line 176, in dashboard
    user = User.objects.get(email=mail)
           ^^^^^^^^^^^^^^^^^^^^^^^^^^^^
  File "C:\Users\VenugopalPemma\Desktop\Git_code\venv\Lib\site-packages\django\db\models\manager.py", line 85, in manager_method
    return getattr(self.get_queryset(), name)(*args, **kwargs)
           ^^^^^^^^^^^^^^^^^^^^^^^^^^^^^^^^^^^^^^^^^^^^^^^^^^^
  File "C:\Users\VenugopalPemma\Desktop\Git_code\venv\Lib\site-packages\django\db\models\query.py", line 650, in get
    raise self.model.DoesNotExist(
django.contrib.auth.models.User.DoesNotExist: User matching query does not exist.
"GET /validate/dashboard/ HTTP/1.1" 500 77073
User session exists (remember me enabled),                                 redirecting to the Dashboard page
Internal Server Error: /
Traceback (most recent call last):
  File "C:\Users\VenugopalPemma\Desktop\Git_code\venv\Lib\site-packages\django\core\handlers\exception.py", line 55, in inner
    response = get_response(request)
               ^^^^^^^^^^^^^^^^^^^^^
  File "C:\Users\VenugopalPemma\Desktop\Git_code\venv\Lib\site-packages\django\core\handlers\base.py", line 197, in _get_response
    response = wrapped_callback(request, *callback_args, **callback_kwargs)
               ^^^^^^^^^^^^^^^^^^^^^^^^^^^^^^^^^^^^^^^^^^^^^^^^^^^^^^^^^^^^
  File "C:\Users\VenugopalPemma\Desktop\Git_code\SwitchTech\home\views.py", line 47, in loginPage
    user = User.objects.get(email=mail)
           ^^^^^^^^^^^^^^^^^^^^^^^^^^^^
  File "C:\Users\VenugopalPemma\Desktop\Git_code\venv\Lib\site-packages\django\db\models\manager.py", line 85, in manager_method
    return getattr(self.get_queryset(), name)(*args, **kwargs)
           ^^^^^^^^^^^^^^^^^^^^^^^^^^^^^^^^^^^^^^^^^^^^^^^^^^^
  File "C:\Users\VenugopalPemma\Desktop\Git_code\venv\Lib\site-packages\django\db\models\query.py", line 650, in get
    raise self.model.DoesNotExist(
django.contrib.auth.models.User.DoesNotExist: User matching query does not exist.
"GET / HTTP/1.1" 500 76883
User session exists (remember me enabled),                                 redirecting to the Dashboard page
Internal Server Error: /
Traceback (most recent call last):
  File "C:\Users\VenugopalPemma\Desktop\Git_code\venv\Lib\site-packages\django\core\handlers\exception.py", line 55, in inner
    response = get_response(request)
               ^^^^^^^^^^^^^^^^^^^^^
  File "C:\Users\VenugopalPemma\Desktop\Git_code\venv\Lib\site-packages\django\core\handlers\base.py", line 197, in _get_response
    response = wrapped_callback(request, *callback_args, **callback_kwargs)
               ^^^^^^^^^^^^^^^^^^^^^^^^^^^^^^^^^^^^^^^^^^^^^^^^^^^^^^^^^^^^
  File "C:\Users\VenugopalPemma\Desktop\Git_code\SwitchTech\home\views.py", line 47, in loginPage
    user = User.objects.get(email=mail)
           ^^^^^^^^^^^^^^^^^^^^^^^^^^^^
  File "C:\Users\VenugopalPemma\Desktop\Git_code\venv\Lib\site-packages\django\db\models\manager.py", line 85, in manager_method
    return getattr(self.get_queryset(), name)(*args, **kwargs)
           ^^^^^^^^^^^^^^^^^^^^^^^^^^^^^^^^^^^^^^^^^^^^^^^^^^^
  File "C:\Users\VenugopalPemma\Desktop\Git_code\venv\Lib\site-packages\django\db\models\query.py", line 650, in get
    raise self.model.DoesNotExist(
django.contrib.auth.models.User.DoesNotExist: User matching query does not exist.
"GET / HTTP/1.1" 500 76883
"GET / HTTP/1.1" 200 13272
"GET /static/images/ratnaglobal_logo.png HTTP/1.1" 200 7938
"GET /static/images/loginimg.png HTTP/1.1" 200 331530
Not Found: /favicon.ico
"GET /favicon.ico HTTP/1.1" 404 4567
Login page accessed!
Employee entered invalid username or email
"POST / HTTP/1.1" 200 13523
Login page accessed!
New employee details are entered and saving into database
Entered employee mail: srilekha.bollu@ratnaglobaltech.com
OTP is generated 8166
Otp is sent to employee mail-id: srilekha.bollu@ratnaglobaltech.com
Employee details are saved into database
Employee is redirected to otp validation page!
"POST / HTTP/1.1" 200 11718
OTP validation is accessed!
OTP is verified successfully
Employee checked keep me signed: True
Employee logged-in successfully
"POST /validate/ HTTP/1.1" 302 0
Dashboard page is accessed!
Employee overall Progress: 0 %
"GET /validate/dashboard/ HTTP/1.1" 200 14436
"GET /static/images/dashboard.png HTTP/1.1" 404 1819
Instruction page is accessed
"GET /validate/dashboard/index/ HTTP/1.1" 200 10674
"GET /static/images/Instruction.png HTTP/1.1" 304 0
Employee agreed to terms and conditions with selected domain NodeJS, redirecting to quiz page
"GET /quiz/?category=NodeJS HTTP/1.1" 200 16099
"GET /static/images/Quiz.png HTTP/1.1" 200 89384
Quiz question loaded successfully
"GET /api/get-quiz/?category=NodeJS HTTP/1.1" 200 3815
Results page accessed!
Based on employee score we are suggesting Beginner course
Suggested youtube course: Tutorial for Beginners
Youtube ID: TlB_eWDSMt4
Based on quiz attempt employee got 0 score & selected domain NodeJS
"POST /api/result/ HTTP/1.1" 200 0
saving remaining time in database: 48
"POST /api/save-remaining-time/ HTTP/1.1" 200 48
Employee redirect to results page with course suggestion
"GET /final/ HTTP/1.1" 200 14751
"GET /static/images/Result.png HTTP/1.1" 200 99021
Watched timer for youtube id: TlB_eWDSMt4 with percentage : 0
"POST /save_time HTTP/1.1" 200 38
Watched timer for youtube id: TlB_eWDSMt4 with percentage : 0
"POST /save_time HTTP/1.1" 200 38
"GET /validate/dashboard HTTP/1.1" 301 0
Dashboard page is accessed!
Employee overall Progress: 0.0 %
"GET /validate/dashboard/ HTTP/1.1" 200 14438
"GET /static/images/dashboard.png HTTP/1.1" 404 1819
Instruction page is accessed
"GET /validate/dashboard/index/ HTTP/1.1" 200 10674
Employee still having the previous quiz timer with 48 sec
Employee agreed to terms and conditions with selected domain Sprinkler, redirecting to quiz page
"GET /quiz/?category=Sprinkler HTTP/1.1" 200 16108
Quiz question loaded successfully
"GET /api/get-quiz/?category=Sprinkler HTTP/1.1" 200 4545
Results page accessed!
Based on employee score we are suggesting Beginner course
Based on quiz attempt employee got 10 score & selected domain Sprinkler
"POST /api/result/ HTTP/1.1" 200 0
saving remaining time in database: 38
"POST /api/save-remaining-time/ HTTP/1.1" 200 48
Employee redirect to results page with course suggestion
"GET /final/ HTTP/1.1" 200 14745
Dashboard page is accessed!
Employee overall Progress: 0.0 %
"GET /validate/dashboard/ HTTP/1.1" 200 14438
"GET /static/images/dashboard.png HTTP/1.1" 404 1819
Internal Server Error: /save_time
Traceback (most recent call last):
  File "C:\Users\VenugopalPemma\Desktop\Git_code\SwitchTech\home\views.py", line 525, in save_time
    youtube_id=youtube_id, user=user).latest('id')
                                      ^^^^^^^^^^^^
  File "C:\Users\VenugopalPemma\Desktop\Git_code\venv\Lib\site-packages\django\db\models\query.py", line 1040, in latest
    return self.reverse()._earliest(*fields)
           ^^^^^^^^^^^^^^^^^^^^^^^^^^^^^^^^^
  File "C:\Users\VenugopalPemma\Desktop\Git_code\venv\Lib\site-packages\django\db\models\query.py", line 1023, in _earliest
    return obj.get()
           ^^^^^^^^^
  File "C:\Users\VenugopalPemma\Desktop\Git_code\venv\Lib\site-packages\django\db\models\query.py", line 650, in get
    raise self.model.DoesNotExist(
home.models.PlayerActivity.DoesNotExist: PlayerActivity matching query does not exist.

During handling of the above exception, another exception occurred:

Traceback (most recent call last):
  File "C:\Users\VenugopalPemma\Desktop\Git_code\venv\Lib\site-packages\django\db\backends\utils.py", line 89, in _execute
    return self.cursor.execute(sql, params)
           ^^^^^^^^^^^^^^^^^^^^^^^^^^^^^^^^
  File "C:\Users\VenugopalPemma\Desktop\Git_code\venv\Lib\site-packages\django\db\backends\sqlite3\base.py", line 357, in execute
    return Database.Cursor.execute(self, query, params)
           ^^^^^^^^^^^^^^^^^^^^^^^^^^^^^^^^^^^^^^^^^^^^
sqlite3.IntegrityError: NOT NULL constraint failed: home_playeractivity.percentage

The above exception was the direct cause of the following exception:

Traceback (most recent call last):
  File "C:\Users\VenugopalPemma\Desktop\Git_code\venv\Lib\site-packages\django\core\handlers\exception.py", line 55, in inner
    response = get_response(request)
               ^^^^^^^^^^^^^^^^^^^^^
  File "C:\Users\VenugopalPemma\Desktop\Git_code\venv\Lib\site-packages\django\core\handlers\base.py", line 197, in _get_response
    response = wrapped_callback(request, *callback_args, **callback_kwargs)
               ^^^^^^^^^^^^^^^^^^^^^^^^^^^^^^^^^^^^^^^^^^^^^^^^^^^^^^^^^^^^
  File "C:\Users\VenugopalPemma\Desktop\Git_code\venv\Lib\site-packages\django\views\decorators\csrf.py", line 54, in wrapped_view
    return view_func(*args, **kwargs)
           ^^^^^^^^^^^^^^^^^^^^^^^^^^
  File "C:\Users\VenugopalPemma\Desktop\Git_code\SwitchTech\home\views.py", line 534, in save_time
    PlayerActivity.objects.create(current_time=current_time,
  File "C:\Users\VenugopalPemma\Desktop\Git_code\venv\Lib\site-packages\django\db\models\manager.py", line 85, in manager_method
    return getattr(self.get_queryset(), name)(*args, **kwargs)
           ^^^^^^^^^^^^^^^^^^^^^^^^^^^^^^^^^^^^^^^^^^^^^^^^^^^
  File "C:\Users\VenugopalPemma\Desktop\Git_code\venv\Lib\site-packages\django\db\models\query.py", line 671, in create
    obj.save(force_insert=True, using=self.db)
  File "C:\Users\VenugopalPemma\Desktop\Git_code\venv\Lib\site-packages\django\db\models\base.py", line 812, in save
    self.save_base(
  File "C:\Users\VenugopalPemma\Desktop\Git_code\venv\Lib\site-packages\django\db\models\base.py", line 863, in save_base
    updated = self._save_table(
              ^^^^^^^^^^^^^^^^^
  File "C:\Users\VenugopalPemma\Desktop\Git_code\venv\Lib\site-packages\django\db\models\base.py", line 1006, in _save_table
    results = self._do_insert(
              ^^^^^^^^^^^^^^^^
  File "C:\Users\VenugopalPemma\Desktop\Git_code\venv\Lib\site-packages\django\db\models\base.py", line 1047, in _do_insert
    return manager._insert(
           ^^^^^^^^^^^^^^^^
  File "C:\Users\VenugopalPemma\Desktop\Git_code\venv\Lib\site-packages\django\db\models\manager.py", line 85, in manager_method
    return getattr(self.get_queryset(), name)(*args, **kwargs)
           ^^^^^^^^^^^^^^^^^^^^^^^^^^^^^^^^^^^^^^^^^^^^^^^^^^^
  File "C:\Users\VenugopalPemma\Desktop\Git_code\venv\Lib\site-packages\django\db\models\query.py", line 1791, in _insert
    return query.get_compiler(using=using).execute_sql(returning_fields)
           ^^^^^^^^^^^^^^^^^^^^^^^^^^^^^^^^^^^^^^^^^^^^^^^^^^^^^^^^^^^^^
  File "C:\Users\VenugopalPemma\Desktop\Git_code\venv\Lib\site-packages\django\db\models\sql\compiler.py", line 1660, in execute_sql
    cursor.execute(sql, params)
  File "C:\Users\VenugopalPemma\Desktop\Git_code\venv\Lib\site-packages\django\db\backends\utils.py", line 103, in execute
    return super().execute(sql, params)
           ^^^^^^^^^^^^^^^^^^^^^^^^^^^^
  File "C:\Users\VenugopalPemma\Desktop\Git_code\venv\Lib\site-packages\django\db\backends\utils.py", line 67, in execute
    return self._execute_with_wrappers(
           ^^^^^^^^^^^^^^^^^^^^^^^^^^^^
  File "C:\Users\VenugopalPemma\Desktop\Git_code\venv\Lib\site-packages\django\db\backends\utils.py", line 80, in _execute_with_wrappers
    return executor(sql, params, many, context)
           ^^^^^^^^^^^^^^^^^^^^^^^^^^^^^^^^^^^^
  File "C:\Users\VenugopalPemma\Desktop\Git_code\venv\Lib\site-packages\django\db\backends\utils.py", line 84, in _execute
    with self.db.wrap_database_errors:
  File "C:\Users\VenugopalPemma\Desktop\Git_code\venv\Lib\site-packages\django\db\utils.py", line 91, in __exit__
    raise dj_exc_value.with_traceback(traceback) from exc_value
  File "C:\Users\VenugopalPemma\Desktop\Git_code\venv\Lib\site-packages\django\db\backends\utils.py", line 89, in _execute
    return self.cursor.execute(sql, params)
           ^^^^^^^^^^^^^^^^^^^^^^^^^^^^^^^^
  File "C:\Users\VenugopalPemma\Desktop\Git_code\venv\Lib\site-packages\django\db\backends\sqlite3\base.py", line 357, in execute
    return Database.Cursor.execute(self, query, params)
           ^^^^^^^^^^^^^^^^^^^^^^^^^^^^^^^^^^^^^^^^^^^^
django.db.utils.IntegrityError: NOT NULL constraint failed: home_playeractivity.percentage
- Broken pipe from ('127.0.0.1', 58309)
Instruction page is accessed
"GET /validate/dashboard/index/ HTTP/1.1" 200 10674
Employee still having the previous quiz timer with 48 sec
Employee agreed to terms and conditions with selected domain Salesforce, redirecting to quiz page
"GET /quiz/?category=Salesforce HTTP/1.1" 200 16111
Quiz question loaded successfully
"GET /api/get-quiz/?category=Salesforce HTTP/1.1" 200 3996
Results page accessed!
Based on employee score we are suggesting Beginner course
Suggested youtube course: Salesforce Course For Beginners
Youtube ID: Sm-GSxKCYhc
Based on quiz attempt employee got 10 score & selected domain Salesforce
"POST /api/result/ HTTP/1.1" 200 0
saving remaining time in database: 52
"POST /api/save-remaining-time/ HTTP/1.1" 200 48
Employee redirect to results page with course suggestion
"GET /final/ HTTP/1.1" 200 14752
Watched timer for youtube id: Sm-GSxKCYhc with percentage : 0
"POST /save_time HTTP/1.1" 200 38
Watched timer for youtube id: Sm-GSxKCYhc with percentage : 0
"POST /save_time HTTP/1.1" 200 38
Dashboard page is accessed!
Employee overall Progress: 0.0 %
"GET /validate/dashboard/ HTTP/1.1" 200 14438
"GET /static/images/dashboard.png HTTP/1.1" 404 1819
Instruction page is accessed
"GET /validate/dashboard/index/ HTTP/1.1" 200 10674
Employee still having the previous quiz timer with 48 sec
Employee agreed to terms and conditions with selected domain Android , redirecting to quiz page
"GET /quiz/?category=Android%20&%20IOS HTTP/1.1" 200 16105
Quiz question loaded successfully
"GET /api/get-quiz/?category=Android HTTP/1.1" 200 3765
Results page accessed!
Based on employee score we are suggesting Beginner course
Suggested youtube course: Android Development Tutorial for Beginners| Edureka
Youtube ID: aS__9RbCyHg
Based on quiz attempt employee got 10 score & selected domain Android 
"POST /api/result/ HTTP/1.1" 200 0
saving remaining time in database: 51
"POST /api/save-remaining-time/ HTTP/1.1" 200 48
Employee redirect to results page with course suggestion
"GET /final/ HTTP/1.1" 200 14752
Watched timer for youtube id: aS__9RbCyHg with percentage : 0
"POST /save_time HTTP/1.1" 200 38
"GET /admin/ HTTP/1.1" 302 0
"GET /admin/login/?next=/admin/ HTTP/1.1" 200 2394
"GET /static/admin/css/dark_mode.css HTTP/1.1" 200 796
"GET /static/admin/css/nav_sidebar.css HTTP/1.1" 200 2619
"GET /static/admin/css/base.css HTTP/1.1" 200 20344
"GET /static/admin/css/responsive.css HTTP/1.1" 200 18854
"GET /static/admin/css/login.css HTTP/1.1" 304 0
"GET /static/admin/css/fonts.css HTTP/1.1" 200 423
"GET /static/admin/js/nav_sidebar.js HTTP/1.1" 200 3763
"GET /static/admin/fonts/Roboto-Regular-webfont.woff HTTP/1.1" 200 85876
"GET /static/admin/fonts/Roboto-Light-webfont.woff HTTP/1.1" 200 85692
"GET /static/admin/fonts/Roboto-Bold-webfont.woff HTTP/1.1" 200 86184
"POST /admin/login/?next=/admin/ HTTP/1.1" 302 0
"GET /admin/ HTTP/1.1" 200 10693
"GET /static/admin/css/dashboard.css HTTP/1.1" 304 0
"GET /static/admin/img/icon-addlink.svg HTTP/1.1" 200 331
"GET /static/admin/img/icon-changelink.svg HTTP/1.1" 200 380
"GET /admin/home/category/ HTTP/1.1" 200 14041
"GET /static/admin/js/admin/RelatedObjectLookups.js HTTP/1.1" 200 8985
"GET /static/admin/css/changelists.css HTTP/1.1" 200 6395
"GET /static/admin/js/core.js HTTP/1.1" 200 5698
"GET /static/admin/js/jquery.init.js HTTP/1.1" 200 347
"GET /static/admin/js/urlify.js HTTP/1.1" 200 7902
"GET /static/admin/js/actions.js HTTP/1.1" 200 7872
"GET /static/admin/js/prepopulate.js HTTP/1.1" 200 1531
"GET /admin/jsi18n/ HTTP/1.1" 200 3343
"GET /static/admin/js/vendor/xregexp/xregexp.js HTTP/1.1" 200 232381
"GET /static/admin/js/vendor/jquery/jquery.js HTTP/1.1" 200 288580
"GET /static/admin/js/filters.js HTTP/1.1" 200 966
"GET /static/admin/img/tooltag-add.svg HTTP/1.1" 200 331
"GET /admin/home/category/bf69fd31-8bcc-4cf3-a700-b2189dd30b47/change/ HTTP/1.1" 200 9407
"GET /static/admin/js/prepopulate_init.js HTTP/1.1" 200 586
"GET /static/admin/css/forms.css HTTP/1.1" 200 8944
"GET /admin/jsi18n/ HTTP/1.1" 200 3343
"GET /static/admin/css/widgets.css HTTP/1.1" 200 11297
"GET /static/admin/js/change_form.js HTTP/1.1" 200 606
"GET /admin/home/category/bf69fd31-8bcc-4cf3-a700-b2189dd30b47/delete/ HTTP/1.1" 200 14793
"GET /static/admin/js/cancel.js HTTP/1.1" 200 884
"POST /admin/home/category/bf69fd31-8bcc-4cf3-a700-b2189dd30b47/delete/ HTTP/1.1" 302 0
"GET /admin/home/category/ HTTP/1.1" 200 13922
"GET /admin/jsi18n/ HTTP/1.1" 200 3343
"GET /static/admin/img/icon-yes.svg HTTP/1.1" 200 436
"GET / HTTP/1.1" 200 13272
Login page accessed!
Employee entered invalid username or email
"POST / HTTP/1.1" 200 13523
Login page accessed!
Employee entered invalid username or email
"POST / HTTP/1.1" 200 13523
Login page accessed!
Entered employee mail: bhargavi.pasam@ratnaglobaltech.com
OTP is generated 2407
Previously employee attempted quiz for 1 time
Otp is sent to employee mail-id: bhargavi.pasam@ratnaglobaltech.com
Employee details are saved into database
Employee is redirected to otp validation page!
"POST / HTTP/1.1" 200 11718
OTP validation is accessed!
OTP is verified successfully
Employee checked keep me signed: True
Employee logged-in successfully
"POST /validate/ HTTP/1.1" 302 0
Dashboard page is accessed!
Internal Server Error: /validate/dashboard/
Traceback (most recent call last):
  File "C:\Users\VenugopalPemma\Desktop\Git_code\venv\Lib\site-packages\django\core\handlers\exception.py", line 55, in inner
    response = get_response(request)
               ^^^^^^^^^^^^^^^^^^^^^
  File "C:\Users\VenugopalPemma\Desktop\Git_code\venv\Lib\site-packages\django\core\handlers\base.py", line 197, in _get_response
    response = wrapped_callback(request, *callback_args, **callback_kwargs)
               ^^^^^^^^^^^^^^^^^^^^^^^^^^^^^^^^^^^^^^^^^^^^^^^^^^^^^^^^^^^^
  File "C:\Users\VenugopalPemma\Desktop\Git_code\SwitchTech\home\views.py", line 176, in dashboard
    user = User.objects.get(email=mail)
           ^^^^^^^^^^^^^^^^^^^^^^^^^^^^
  File "C:\Users\VenugopalPemma\Desktop\Git_code\venv\Lib\site-packages\django\db\models\manager.py", line 85, in manager_method
    return getattr(self.get_queryset(), name)(*args, **kwargs)
           ^^^^^^^^^^^^^^^^^^^^^^^^^^^^^^^^^^^^^^^^^^^^^^^^^^^
  File "C:\Users\VenugopalPemma\Desktop\Git_code\venv\Lib\site-packages\django\db\models\query.py", line 650, in get
    raise self.model.DoesNotExist(
django.contrib.auth.models.User.DoesNotExist: User matching query does not exist.
"GET /validate/dashboard/ HTTP/1.1" 500 77097
User session exists (remember me enabled),                                 redirecting to the Dashboard page
Internal Server Error: /
Traceback (most recent call last):
  File "C:\Users\VenugopalPemma\Desktop\Git_code\venv\Lib\site-packages\django\core\handlers\exception.py", line 55, in inner
    response = get_response(request)
               ^^^^^^^^^^^^^^^^^^^^^
  File "C:\Users\VenugopalPemma\Desktop\Git_code\venv\Lib\site-packages\django\core\handlers\base.py", line 197, in _get_response
    response = wrapped_callback(request, *callback_args, **callback_kwargs)
               ^^^^^^^^^^^^^^^^^^^^^^^^^^^^^^^^^^^^^^^^^^^^^^^^^^^^^^^^^^^^
  File "C:\Users\VenugopalPemma\Desktop\Git_code\SwitchTech\home\views.py", line 47, in loginPage
    user = User.objects.get(email=mail)
           ^^^^^^^^^^^^^^^^^^^^^^^^^^^^
  File "C:\Users\VenugopalPemma\Desktop\Git_code\venv\Lib\site-packages\django\db\models\manager.py", line 85, in manager_method
    return getattr(self.get_queryset(), name)(*args, **kwargs)
           ^^^^^^^^^^^^^^^^^^^^^^^^^^^^^^^^^^^^^^^^^^^^^^^^^^^
  File "C:\Users\VenugopalPemma\Desktop\Git_code\venv\Lib\site-packages\django\db\models\query.py", line 650, in get
    raise self.model.DoesNotExist(
django.contrib.auth.models.User.DoesNotExist: User matching query does not exist.
"GET / HTTP/1.1" 500 76907
"GET / HTTP/1.1" 200 13272
"GET /static/images/ratnaglobal_logo.png HTTP/1.1" 200 7938
"GET /static/images/loginimg.png HTTP/1.1" 200 331530
Login page accessed!
Entered employee mail: bhargavi.pasam@ratnaglobaltech.com
OTP is generated 3703
Previously employee attempted quiz for 2 time
Otp is sent to employee mail-id: bhargavi.pasam@ratnaglobaltech.com
Employee details are saved into database
Employee is redirected to otp validation page!
"POST / HTTP/1.1" 200 11718
OTP validation is accessed!
OTP is verified successfully
Employee checked keep me signed: True
Employee logged-in successfully
"POST /validate/ HTTP/1.1" 302 0
Dashboard page is accessed!
Employee overall Progress: 0 %
"GET /validate/dashboard/ HTTP/1.1" 200 14222
"GET /static/images/dashboard.png HTTP/1.1" 404 1819
Instruction page is accessed
"GET /validate/dashboard/index/ HTTP/1.1" 200 10671
"GET /static/images/Instruction.png HTTP/1.1" 200 91625
"GET /admin HTTP/1.1" 301 0
"GET /admin/ HTTP/1.1" 302 0
"GET /admin/login/?next=/admin/ HTTP/1.1" 200 2391
"GET /static/admin/css/dark_mode.css HTTP/1.1" 200 796
"GET /static/admin/css/base.css HTTP/1.1" 200 20344
"GET /static/admin/css/nav_sidebar.css HTTP/1.1" 200 2619
"GET /static/admin/js/nav_sidebar.js HTTP/1.1" 200 3763
"GET /static/admin/css/fonts.css HTTP/1.1" 200 423
"GET /static/admin/css/responsive.css HTTP/1.1" 200 18854
"GET /static/admin/css/login.css HTTP/1.1" 200 958
"GET /static/admin/fonts/Roboto-Regular-webfont.woff HTTP/1.1" 200 85876
"GET /static/admin/fonts/Roboto-Light-webfont.woff HTTP/1.1" 200 85692
"GET /static/admin/fonts/Roboto-Bold-webfont.woff HTTP/1.1" 200 86184
"POST /admin/login/?next=/admin/ HTTP/1.1" 302 0
"GET /admin/ HTTP/1.1" 200 10645
"GET /static/admin/css/dashboard.css HTTP/1.1" 200 380
"GET /static/admin/img/icon-addlink.svg HTTP/1.1" 200 331
"GET /static/admin/img/icon-changelink.svg HTTP/1.1" 200 380
"GET /static/admin/img/icon-deletelink.svg HTTP/1.1" 200 392
"GET /admin/home/category/ HTTP/1.1" 200 13762
"GET /static/admin/css/changelists.css HTTP/1.1" 200 6395
"GET /static/admin/js/jquery.init.js HTTP/1.1" 200 347
"GET /static/admin/js/core.js HTTP/1.1" 200 5698
"GET /static/admin/js/admin/RelatedObjectLookups.js HTTP/1.1" 200 8985
"GET /static/admin/js/actions.js HTTP/1.1" 200 7872
"GET /static/admin/js/urlify.js HTTP/1.1" 200 7902
"GET /admin/jsi18n/ HTTP/1.1" 200 3343
"GET /static/admin/js/prepopulate.js HTTP/1.1" 200 1531
"GET /static/admin/js/vendor/jquery/jquery.js HTTP/1.1" 200 288580
"GET /static/admin/js/vendor/xregexp/xregexp.js HTTP/1.1" 200 232381
"GET /static/admin/js/filters.js HTTP/1.1" 200 966
"GET /static/admin/img/tooltag-add.svg HTTP/1.1" 200 331
"GET / HTTP/1.1" 200 13272
Watching for file changes with StatReloader
"GET / HTTP/1.1" 200 13272
Not Found: /favicon.ico
"GET /favicon.ico HTTP/1.1" 404 4567
Login page accessed!
New employee details are entered and saving into database
Entered employee mail: abc@ratnaglobaltech.com
OTP is generated 3480
Otp is sent to employee mail-id: abc@ratnaglobaltech.com
Employee details are saved into database
Employee is redirected to otp validation page!
"POST / HTTP/1.1" 200 11718
OTP validation is accessed!
OTP is verified successfully
Employee checked keep me signed: True
Employee logged-in successfully
"POST /validate/ HTTP/1.1" 302 0
Dashboard page is accessed!
No progress data found
"GET /validate/dashboard/ HTTP/1.1" 200 16031
"GET /static/images/dashboard.png HTTP/1.1" 404 1819
My Learning page accessed!
Employee doesnt have any learning as of now
"GET /mylearning/ HTTP/1.1" 200 6122
Dashboard page is accessed!
No progress data found
"GET /validate/dashboard/ HTTP/1.1" 200 16031
"GET /static/images/dashboard.png HTTP/1.1" 404 1819
History page is accessed!
Employee previous quiz history is not present
"GET /history/ HTTP/1.1" 200 2191
Instruction page is accessed
"GET /validate/dashboard/index/ HTTP/1.1" 200 10873
"GET /static/images/Instruction.png HTTP/1.1" 200 91625
Employee agreed to terms and conditions with selected domain Python, redirecting to quiz page
"GET /quiz/?category=Python HTTP/1.1" 200 16099
"GET /static/images/Quiz.png HTTP/1.1" 200 89384
Quiz question loaded successfully
"GET /api/get-quiz/?category=Python HTTP/1.1" 200 3972
Results page accessed!
Based on employee score we are suggesting Advanced course
course url : https://www.udemy.com/course/learn-the-advanced-professional-python-programming/
Suggested udemy course: Learn the Advanced Professional Python Programming
Suggested youtube course: Python Advance Programming 2022
Youtube ID: Yrtm7d3TJbs
Based on quiz attempt employee got 80 score & selected domain Python
"POST /api/result/ HTTP/1.1" 200 0
saving remaining time in database: 26
"POST /api/save-remaining-time/ HTTP/1.1" 200 48
Employee redirect to results page with course suggestion
"GET /final/ HTTP/1.1" 200 15019
"GET /static/images/Result.png HTTP/1.1" 200 99021
Watched timer for youtube id: Yrtm7d3TJbs with percentage : 10.1212127196463
"POST /save_time HTTP/1.1" 200 38
Dashboard page is accessed!
Employee overall Progress: 10.12 %
Dashboard page is accessed
"GET /validate/dashboard/ HTTP/1.1" 200 16044
"GET /static/images/dashboard.png HTTP/1.1" 404 1819
My Learning page accessed!
Learning modules are present
"GET /mylearning/ HTTP/1.1" 200 8334
Dashboard page is accessed!
Employee overall Progress: 10.12 %
Dashboard page is accessed
"GET /validate/dashboard/ HTTP/1.1" 200 16044
Internal Server Error: /save_time
Traceback (most recent call last):
  File "C:\Users\KarthikKonduru\Desktop\check\venv\lib\site-packages\django\db\backends\utils.py", line 89, in _execute
    return self.cursor.execute(sql, params)
  File "C:\Users\KarthikKonduru\Desktop\check\venv\lib\site-packages\django\db\backends\sqlite3\base.py", line 357, in execute
    return Database.Cursor.execute(self, query, params)
sqlite3.IntegrityError: NOT NULL constraint failed: home_playeractivity.category

The above exception was the direct cause of the following exception:

Traceback (most recent call last):
  File "C:\Users\KarthikKonduru\Desktop\check\venv\lib\site-packages\django\core\handlers\exception.py", line 55, in inner
    response = get_response(request)
  File "C:\Users\KarthikKonduru\Desktop\check\venv\lib\site-packages\django\core\handlers\base.py", line 197, in _get_response
    response = wrapped_callback(request, *callback_args, **callback_kwargs)
  File "C:\Users\KarthikKonduru\Desktop\check\venv\lib\site-packages\django\views\decorators\csrf.py", line 54, in wrapped_view
    return view_func(*args, **kwargs)
  File "C:\Users\KarthikKonduru\Desktop\check\SwitchTech\home\views.py", line 573, in save_time
    PlayerActivity.objects.create(current_time=current_time,
  File "C:\Users\KarthikKonduru\Desktop\check\venv\lib\site-packages\django\db\models\manager.py", line 85, in manager_method
    return getattr(self.get_queryset(), name)(*args, **kwargs)
  File "C:\Users\KarthikKonduru\Desktop\check\venv\lib\site-packages\django\db\models\query.py", line 671, in create
    obj.save(force_insert=True, using=self.db)
  File "C:\Users\KarthikKonduru\Desktop\check\venv\lib\site-packages\django\db\models\base.py", line 812, in save
    self.save_base(
  File "C:\Users\KarthikKonduru\Desktop\check\venv\lib\site-packages\django\db\models\base.py", line 863, in save_base
    updated = self._save_table(
  File "C:\Users\KarthikKonduru\Desktop\check\venv\lib\site-packages\django\db\models\base.py", line 1006, in _save_table
    results = self._do_insert(
  File "C:\Users\KarthikKonduru\Desktop\check\venv\lib\site-packages\django\db\models\base.py", line 1047, in _do_insert
    return manager._insert(
  File "C:\Users\KarthikKonduru\Desktop\check\venv\lib\site-packages\django\db\models\manager.py", line 85, in manager_method
    return getattr(self.get_queryset(), name)(*args, **kwargs)
  File "C:\Users\KarthikKonduru\Desktop\check\venv\lib\site-packages\django\db\models\query.py", line 1791, in _insert
    return query.get_compiler(using=using).execute_sql(returning_fields)
  File "C:\Users\KarthikKonduru\Desktop\check\venv\lib\site-packages\django\db\models\sql\compiler.py", line 1660, in execute_sql
    cursor.execute(sql, params)
  File "C:\Users\KarthikKonduru\Desktop\check\venv\lib\site-packages\django\db\backends\utils.py", line 103, in execute
    return super().execute(sql, params)
  File "C:\Users\KarthikKonduru\Desktop\check\venv\lib\site-packages\django\db\backends\utils.py", line 67, in execute
    return self._execute_with_wrappers(
  File "C:\Users\KarthikKonduru\Desktop\check\venv\lib\site-packages\django\db\backends\utils.py", line 80, in _execute_with_wrappers
    return executor(sql, params, many, context)
  File "C:\Users\KarthikKonduru\Desktop\check\venv\lib\site-packages\django\db\backends\utils.py", line 84, in _execute
    with self.db.wrap_database_errors:
  File "C:\Users\KarthikKonduru\Desktop\check\venv\lib\site-packages\django\db\utils.py", line 91, in __exit__
    raise dj_exc_value.with_traceback(traceback) from exc_value
  File "C:\Users\KarthikKonduru\Desktop\check\venv\lib\site-packages\django\db\backends\utils.py", line 89, in _execute
    return self.cursor.execute(sql, params)
  File "C:\Users\KarthikKonduru\Desktop\check\venv\lib\site-packages\django\db\backends\sqlite3\base.py", line 357, in execute
    return Database.Cursor.execute(self, query, params)
django.db.utils.IntegrityError: NOT NULL constraint failed: home_playeractivity.category
- Broken pipe from ('127.0.0.1', 8747)
"GET /static/images/dashboard.png HTTP/1.1" 404 1819
My Learning page accessed!
Learning modules are present
"GET /mylearning/ HTTP/1.1" 200 8334
C:\Users\KarthikKonduru\Desktop\check\SwitchTech\home\models.py changed, reloading.
Watching for file changes with StatReloader
C:\Users\KarthikKonduru\Desktop\check\SwitchTech\home\models.py changed, reloading.
Watching for file changes with StatReloader
Watching for file changes with StatReloader
User session exists (remember me enabled), redirecting to the Dashboard page
Employee overall Progress: 10.12 %
Dashboard page is accessed
Watched timer for youtube id: Yrtm7d3TJbs with percentage : 10.127496360956806
"POST /save_time HTTP/1.1" 200 38
"GET / HTTP/1.1" 200 16044
"GET /static/images/dashboard.png HTTP/1.1" 404 1819
My Learning page accessed!
Learning modules are present
"GET /mylearning/ HTTP/1.1" 200 10299
My Learning page accessed!
Learning modules are present
"GET /mylearning/ HTTP/1.1" 200 8334
Watched timer for youtube id: Yrtm7d3TJbs with percentage : 32.02467468679368
"POST /save_time HTTP/1.1" 200 38
Dashboard page is accessed!
Employee overall Progress: 32.02 %
Dashboard page is accessed
"GET /validate/dashboard/ HTTP/1.1" 200 16040
"GET /static/images/dashboard.png HTTP/1.1" 404 1819
User session exists (remember me enabled), redirecting to the Dashboard page
Employee overall Progress: 32.02 %
Dashboard page is accessed
"GET / HTTP/1.1" 200 16040
"GET /static/images/dashboard.png HTTP/1.1" 404 1819
C:\Users\KarthikKonduru\Desktop\check\SwitchTech\home\models.py changed, reloading.
Watching for file changes with StatReloader
C:\Users\KarthikKonduru\Desktop\check\SwitchTech\home\models.py changed, reloading.
Watching for file changes with StatReloader
Watching for file changes with StatReloader
User session exists (remember me enabled), redirecting to the Dashboard page
Employee overall Progress: 32.02 %
Dashboard page is accessed
"GET / HTTP/1.1" 200 16042
"GET /static/images/dashboard.png HTTP/1.1" 404 1819
My Learning page accessed!
Learning modules are present
"GET /mylearning/ HTTP/1.1" 200 8350
Dashboard page is accessed!
Employee overall Progress: 32.02 %
Dashboard page is accessed
"GET /validate/dashboard/ HTTP/1.1" 200 16042
"GET /static/images/dashboard.png HTTP/1.1" 404 1819
Internal Server Error: /save_time
Traceback (most recent call last):
  File "C:\Users\KarthikKonduru\Desktop\check\venv\lib\site-packages\django\db\backends\utils.py", line 89, in _execute
    return self.cursor.execute(sql, params)
  File "C:\Users\KarthikKonduru\Desktop\check\venv\lib\site-packages\django\db\backends\sqlite3\base.py", line 357, in execute
    return Database.Cursor.execute(self, query, params)
sqlite3.IntegrityError: NOT NULL constraint failed: home_playeractivity.category

The above exception was the direct cause of the following exception:

Traceback (most recent call last):
  File "C:\Users\KarthikKonduru\Desktop\check\venv\lib\site-packages\django\core\handlers\exception.py", line 55, in inner
    response = get_response(request)
  File "C:\Users\KarthikKonduru\Desktop\check\venv\lib\site-packages\django\core\handlers\base.py", line 197, in _get_response
    response = wrapped_callback(request, *callback_args, **callback_kwargs)
  File "C:\Users\KarthikKonduru\Desktop\check\venv\lib\site-packages\django\views\decorators\csrf.py", line 54, in wrapped_view
    return view_func(*args, **kwargs)
  File "C:\Users\KarthikKonduru\Desktop\check\SwitchTech\home\views.py", line 573, in save_time
    PlayerActivity.objects.create(current_time=current_time,
  File "C:\Users\KarthikKonduru\Desktop\check\venv\lib\site-packages\django\db\models\manager.py", line 85, in manager_method
    return getattr(self.get_queryset(), name)(*args, **kwargs)
  File "C:\Users\KarthikKonduru\Desktop\check\venv\lib\site-packages\django\db\models\query.py", line 671, in create
    obj.save(force_insert=True, using=self.db)
  File "C:\Users\KarthikKonduru\Desktop\check\venv\lib\site-packages\django\db\models\base.py", line 812, in save
    self.save_base(
  File "C:\Users\KarthikKonduru\Desktop\check\venv\lib\site-packages\django\db\models\base.py", line 863, in save_base
    updated = self._save_table(
  File "C:\Users\KarthikKonduru\Desktop\check\venv\lib\site-packages\django\db\models\base.py", line 1006, in _save_table
    results = self._do_insert(
  File "C:\Users\KarthikKonduru\Desktop\check\venv\lib\site-packages\django\db\models\base.py", line 1047, in _do_insert
    return manager._insert(
  File "C:\Users\KarthikKonduru\Desktop\check\venv\lib\site-packages\django\db\models\manager.py", line 85, in manager_method
    return getattr(self.get_queryset(), name)(*args, **kwargs)
  File "C:\Users\KarthikKonduru\Desktop\check\venv\lib\site-packages\django\db\models\query.py", line 1791, in _insert
    return query.get_compiler(using=using).execute_sql(returning_fields)
  File "C:\Users\KarthikKonduru\Desktop\check\venv\lib\site-packages\django\db\models\sql\compiler.py", line 1660, in execute_sql
    cursor.execute(sql, params)
  File "C:\Users\KarthikKonduru\Desktop\check\venv\lib\site-packages\django\db\backends\utils.py", line 103, in execute
    return super().execute(sql, params)
  File "C:\Users\KarthikKonduru\Desktop\check\venv\lib\site-packages\django\db\backends\utils.py", line 67, in execute
    return self._execute_with_wrappers(
  File "C:\Users\KarthikKonduru\Desktop\check\venv\lib\site-packages\django\db\backends\utils.py", line 80, in _execute_with_wrappers
    return executor(sql, params, many, context)
  File "C:\Users\KarthikKonduru\Desktop\check\venv\lib\site-packages\django\db\backends\utils.py", line 84, in _execute
    with self.db.wrap_database_errors:
  File "C:\Users\KarthikKonduru\Desktop\check\venv\lib\site-packages\django\db\utils.py", line 91, in __exit__
    raise dj_exc_value.with_traceback(traceback) from exc_value
  File "C:\Users\KarthikKonduru\Desktop\check\venv\lib\site-packages\django\db\backends\utils.py", line 89, in _execute
    return self.cursor.execute(sql, params)
  File "C:\Users\KarthikKonduru\Desktop\check\venv\lib\site-packages\django\db\backends\sqlite3\base.py", line 357, in execute
    return Database.Cursor.execute(self, query, params)
django.db.utils.IntegrityError: NOT NULL constraint failed: home_playeractivity.category
- Broken pipe from ('127.0.0.1', 8818)
My Learning page accessed!
Learning modules are present
"GET /mylearning/ HTTP/1.1" 200 8350
Watching for file changes with StatReloader
User session exists (remember me enabled), redirecting to the Dashboard page
Employee overall Progress: 32.02 %
Dashboard page is accessed
"GET / HTTP/1.1" 200 16042
"GET /static/images/dashboard.png HTTP/1.1" 404 1819
My Learning page accessed!
Learning modules are present
"GET /mylearning/ HTTP/1.1" 200 8350
Internal Server Error: /save_time
Traceback (most recent call last):
  File "C:\Users\KarthikKonduru\Desktop\check\venv\lib\site-packages\django\db\backends\utils.py", line 89, in _execute
    return self.cursor.execute(sql, params)
  File "C:\Users\KarthikKonduru\Desktop\check\venv\lib\site-packages\django\db\backends\sqlite3\base.py", line 357, in execute
    return Database.Cursor.execute(self, query, params)
sqlite3.IntegrityError: NOT NULL constraint failed: home_playeractivity.category

The above exception was the direct cause of the following exception:

Traceback (most recent call last):
  File "C:\Users\KarthikKonduru\Desktop\check\venv\lib\site-packages\django\core\handlers\exception.py", line 55, in inner
    response = get_response(request)
  File "C:\Users\KarthikKonduru\Desktop\check\venv\lib\site-packages\django\core\handlers\base.py", line 197, in _get_response
    response = wrapped_callback(request, *callback_args, **callback_kwargs)
  File "C:\Users\KarthikKonduru\Desktop\check\venv\lib\site-packages\django\views\decorators\csrf.py", line 54, in wrapped_view
    return view_func(*args, **kwargs)
  File "C:\Users\KarthikKonduru\Desktop\check\SwitchTech\home\views.py", line 573, in save_time
    PlayerActivity.objects.create(current_time=current_time,
  File "C:\Users\KarthikKonduru\Desktop\check\venv\lib\site-packages\django\db\models\manager.py", line 85, in manager_method
    return getattr(self.get_queryset(), name)(*args, **kwargs)
  File "C:\Users\KarthikKonduru\Desktop\check\venv\lib\site-packages\django\db\models\query.py", line 671, in create
    obj.save(force_insert=True, using=self.db)
  File "C:\Users\KarthikKonduru\Desktop\check\venv\lib\site-packages\django\db\models\base.py", line 812, in save
    self.save_base(
  File "C:\Users\KarthikKonduru\Desktop\check\venv\lib\site-packages\django\db\models\base.py", line 863, in save_base
    updated = self._save_table(
  File "C:\Users\KarthikKonduru\Desktop\check\venv\lib\site-packages\django\db\models\base.py", line 1006, in _save_table
    results = self._do_insert(
  File "C:\Users\KarthikKonduru\Desktop\check\venv\lib\site-packages\django\db\models\base.py", line 1047, in _do_insert
    return manager._insert(
  File "C:\Users\KarthikKonduru\Desktop\check\venv\lib\site-packages\django\db\models\manager.py", line 85, in manager_method
    return getattr(self.get_queryset(), name)(*args, **kwargs)
  File "C:\Users\KarthikKonduru\Desktop\check\venv\lib\site-packages\django\db\models\query.py", line 1791, in _insert
    return query.get_compiler(using=using).execute_sql(returning_fields)
  File "C:\Users\KarthikKonduru\Desktop\check\venv\lib\site-packages\django\db\models\sql\compiler.py", line 1660, in execute_sql
    cursor.execute(sql, params)
  File "C:\Users\KarthikKonduru\Desktop\check\venv\lib\site-packages\django\db\backends\utils.py", line 103, in execute
    return super().execute(sql, params)
  File "C:\Users\KarthikKonduru\Desktop\check\venv\lib\site-packages\django\db\backends\utils.py", line 67, in execute
    return self._execute_with_wrappers(
  File "C:\Users\KarthikKonduru\Desktop\check\venv\lib\site-packages\django\db\backends\utils.py", line 80, in _execute_with_wrappers
    return executor(sql, params, many, context)
  File "C:\Users\KarthikKonduru\Desktop\check\venv\lib\site-packages\django\db\backends\utils.py", line 84, in _execute
    with self.db.wrap_database_errors:
  File "C:\Users\KarthikKonduru\Desktop\check\venv\lib\site-packages\django\db\utils.py", line 91, in __exit__
    raise dj_exc_value.with_traceback(traceback) from exc_value
  File "C:\Users\KarthikKonduru\Desktop\check\venv\lib\site-packages\django\db\backends\utils.py", line 89, in _execute
    return self.cursor.execute(sql, params)
  File "C:\Users\KarthikKonduru\Desktop\check\venv\lib\site-packages\django\db\backends\sqlite3\base.py", line 357, in execute
    return Database.Cursor.execute(self, query, params)
django.db.utils.IntegrityError: NOT NULL constraint failed: home_playeractivity.category
- Broken pipe from ('127.0.0.1', 8848)
My Learning page accessed!
C:\Users\KarthikKonduru\Desktop\check\SwitchTech\home\models.py changed, reloading.
Watching for file changes with StatReloader
My Learning page accessed!
Employee doesnt have any learning as of now
"GET /mylearning/ HTTP/1.1" 200 6122
Watching for file changes with StatReloader
Dashboard page is accessed!
No progress data found
"GET /validate/dashboard/ HTTP/1.1" 200 16031
"GET /static/images/dashboard.png HTTP/1.1" 404 1819
Instruction page is accessed
"GET /validate/dashboard/index/ HTTP/1.1" 200 10873
"GET /static/images/Instruction.png HTTP/1.1" 304 0
Employee agreed to terms and conditions with selected domain Python, redirecting to quiz page
"GET /quiz/?category=Python HTTP/1.1" 200 16099
"GET /static/images/Quiz.png HTTP/1.1" 304 0
Quiz question loaded successfully
"GET /api/get-quiz/?category=Python HTTP/1.1" 200 4090
Results page accessed!
Based on employee score we are suggesting Beginner course
course url : https://www.udemy.com/course/100-days-of-code/
Suggested udemy course: 100 Days of Code: The Complete Python Pro Bootcamp for 2023
Suggested youtube course: Python for Beginners | Full Course
Youtube ID: YfO28Ihehbk
Based on quiz attempt employee got 50 score & selected domain Python
"POST /api/result/ HTTP/1.1" 200 0
saving remaining time in database: 0
"POST /api/save-remaining-time/ HTTP/1.1" 200 48
Employee redirect to results page with course suggestion
"GET /final/ HTTP/1.1" 200 14987
"GET /static/images/Result.png HTTP/1.1" 304 0
Watched timer for youtube id: YfO28Ihehbk with percentage : 12.710796764191446
"POST /save_time HTTP/1.1" 200 38
Dashboard page is accessed!
Employee overall Progress: 12.71 %
Dashboard page is accessed
"GET /validate/dashboard/ HTTP/1.1" 200 16044
"GET /static/images/dashboard.png HTTP/1.1" 404 1819
My Learning page accessed!
Learning modules are present
"GET /mylearning/ HTTP/1.1" 200 8336
Dashboard page is accessed!
Employee overall Progress: 12.71 %
Dashboard page is accessed
"GET /validate/dashboard/ HTTP/1.1" 200 16044
Internal Server Error: /save_time
Traceback (most recent call last):
  File "C:\Users\KarthikKonduru\Desktop\check\venv\lib\site-packages\django\db\backends\utils.py", line 89, in _execute
    return self.cursor.execute(sql, params)
  File "C:\Users\KarthikKonduru\Desktop\check\venv\lib\site-packages\django\db\backends\sqlite3\base.py", line 357, in execute
    return Database.Cursor.execute(self, query, params)
sqlite3.IntegrityError: NOT NULL constraint failed: home_playeractivity.category

The above exception was the direct cause of the following exception:

Traceback (most recent call last):
  File "C:\Users\KarthikKonduru\Desktop\check\venv\lib\site-packages\django\core\handlers\exception.py", line 55, in inner
    response = get_response(request)
  File "C:\Users\KarthikKonduru\Desktop\check\venv\lib\site-packages\django\core\handlers\base.py", line 197, in _get_response
    response = wrapped_callback(request, *callback_args, **callback_kwargs)
  File "C:\Users\KarthikKonduru\Desktop\check\venv\lib\site-packages\django\views\decorators\csrf.py", line 54, in wrapped_view
    return view_func(*args, **kwargs)
  File "C:\Users\KarthikKonduru\Desktop\check\SwitchTech\home\views.py", line 573, in save_time
    PlayerActivity.objects.create(current_time=current_time,
  File "C:\Users\KarthikKonduru\Desktop\check\venv\lib\site-packages\django\db\models\manager.py", line 85, in manager_method
    return getattr(self.get_queryset(), name)(*args, **kwargs)
  File "C:\Users\KarthikKonduru\Desktop\check\venv\lib\site-packages\django\db\models\query.py", line 671, in create
    obj.save(force_insert=True, using=self.db)
  File "C:\Users\KarthikKonduru\Desktop\check\venv\lib\site-packages\django\db\models\base.py", line 812, in save
    self.save_base(
  File "C:\Users\KarthikKonduru\Desktop\check\venv\lib\site-packages\django\db\models\base.py", line 863, in save_base
    updated = self._save_table(
  File "C:\Users\KarthikKonduru\Desktop\check\venv\lib\site-packages\django\db\models\base.py", line 1006, in _save_table
    results = self._do_insert(
  File "C:\Users\KarthikKonduru\Desktop\check\venv\lib\site-packages\django\db\models\base.py", line 1047, in _do_insert
    return manager._insert(
  File "C:\Users\KarthikKonduru\Desktop\check\venv\lib\site-packages\django\db\models\manager.py", line 85, in manager_method
    return getattr(self.get_queryset(), name)(*args, **kwargs)
  File "C:\Users\KarthikKonduru\Desktop\check\venv\lib\site-packages\django\db\models\query.py", line 1791, in _insert
    return query.get_compiler(using=using).execute_sql(returning_fields)
  File "C:\Users\KarthikKonduru\Desktop\check\venv\lib\site-packages\django\db\models\sql\compiler.py", line 1660, in execute_sql
    cursor.execute(sql, params)
  File "C:\Users\KarthikKonduru\Desktop\check\venv\lib\site-packages\django\db\backends\utils.py", line 103, in execute
    return super().execute(sql, params)
  File "C:\Users\KarthikKonduru\Desktop\check\venv\lib\site-packages\django\db\backends\utils.py", line 67, in execute
    return self._execute_with_wrappers(
  File "C:\Users\KarthikKonduru\Desktop\check\venv\lib\site-packages\django\db\backends\utils.py", line 80, in _execute_with_wrappers
    return executor(sql, params, many, context)
  File "C:\Users\KarthikKonduru\Desktop\check\venv\lib\site-packages\django\db\backends\utils.py", line 84, in _execute
    with self.db.wrap_database_errors:
  File "C:\Users\KarthikKonduru\Desktop\check\venv\lib\site-packages\django\db\utils.py", line 91, in __exit__
    raise dj_exc_value.with_traceback(traceback) from exc_value
  File "C:\Users\KarthikKonduru\Desktop\check\venv\lib\site-packages\django\db\backends\utils.py", line 89, in _execute
    return self.cursor.execute(sql, params)
  File "C:\Users\KarthikKonduru\Desktop\check\venv\lib\site-packages\django\db\backends\sqlite3\base.py", line 357, in execute
    return Database.Cursor.execute(self, query, params)
django.db.utils.IntegrityError: NOT NULL constraint failed: home_playeractivity.category
"GET /static/images/dashboard.png HTTP/1.1" 404 1819
- Broken pipe from ('127.0.0.1', 8909)
C:\Users\KarthikKonduru\Desktop\check\SwitchTech\home\views.py changed, reloading.
Watching for file changes with StatReloader
C:\Users\KarthikKonduru\Desktop\check\SwitchTech\home\views.py changed, reloading.
Watching for file changes with StatReloader
C:\Users\KarthikKonduru\Desktop\check\SwitchTech\home\views.py changed, reloading.
Watching for file changes with StatReloader
C:\Users\KarthikKonduru\Desktop\check\SwitchTech\home\views.py changed, reloading.
Watching for file changes with StatReloader
C:\Users\KarthikKonduru\Desktop\check\SwitchTech\home\views.py changed, reloading.
Watching for file changes with StatReloader
C:\Users\KarthikKonduru\Desktop\check\SwitchTech\home\views.py changed, reloading.
Watching for file changes with StatReloader
My Learning page accessed!
Learning modules are present
"GET /mylearning/ HTTP/1.1" 200 8336
Dashboard page is accessed!
Employee overall Progress: 12.71 %
Dashboard page is accessed
"GET /validate/dashboard/ HTTP/1.1" 200 16044
"GET /static/images/dashboard.png HTTP/1.1" 404 1819
Internal Server Error: /save_time
Traceback (most recent call last):
  File "C:\Users\KarthikKonduru\Desktop\check\venv\lib\site-packages\django\db\backends\utils.py", line 89, in _execute
    return self.cursor.execute(sql, params)
  File "C:\Users\KarthikKonduru\Desktop\check\venv\lib\site-packages\django\db\backends\sqlite3\base.py", line 357, in execute
    return Database.Cursor.execute(self, query, params)
sqlite3.IntegrityError: NOT NULL constraint failed: home_playeractivity.category

The above exception was the direct cause of the following exception:

Traceback (most recent call last):
  File "C:\Users\KarthikKonduru\Desktop\check\venv\lib\site-packages\django\core\handlers\exception.py", line 55, in inner
    response = get_response(request)
  File "C:\Users\KarthikKonduru\Desktop\check\venv\lib\site-packages\django\core\handlers\base.py", line 197, in _get_response
    response = wrapped_callback(request, *callback_args, **callback_kwargs)
  File "C:\Users\KarthikKonduru\Desktop\check\venv\lib\site-packages\django\views\decorators\csrf.py", line 54, in wrapped_view
    return view_func(*args, **kwargs)
  File "C:\Users\KarthikKonduru\Desktop\check\SwitchTech\home\views.py", line 578, in save_time
    PlayerActivity.objects.create(current_time=current_time,
  File "C:\Users\KarthikKonduru\Desktop\check\venv\lib\site-packages\django\db\models\manager.py", line 85, in manager_method
    return getattr(self.get_queryset(), name)(*args, **kwargs)
  File "C:\Users\KarthikKonduru\Desktop\check\venv\lib\site-packages\django\db\models\query.py", line 671, in create
    obj.save(force_insert=True, using=self.db)
  File "C:\Users\KarthikKonduru\Desktop\check\venv\lib\site-packages\django\db\models\base.py", line 812, in save
    self.save_base(
  File "C:\Users\KarthikKonduru\Desktop\check\venv\lib\site-packages\django\db\models\base.py", line 863, in save_base
    updated = self._save_table(
  File "C:\Users\KarthikKonduru\Desktop\check\venv\lib\site-packages\django\db\models\base.py", line 1006, in _save_table
    results = self._do_insert(
  File "C:\Users\KarthikKonduru\Desktop\check\venv\lib\site-packages\django\db\models\base.py", line 1047, in _do_insert
    return manager._insert(
  File "C:\Users\KarthikKonduru\Desktop\check\venv\lib\site-packages\django\db\models\manager.py", line 85, in manager_method
    return getattr(self.get_queryset(), name)(*args, **kwargs)
  File "C:\Users\KarthikKonduru\Desktop\check\venv\lib\site-packages\django\db\models\query.py", line 1791, in _insert
    return query.get_compiler(using=using).execute_sql(returning_fields)
  File "C:\Users\KarthikKonduru\Desktop\check\venv\lib\site-packages\django\db\models\sql\compiler.py", line 1660, in execute_sql
    cursor.execute(sql, params)
  File "C:\Users\KarthikKonduru\Desktop\check\venv\lib\site-packages\django\db\backends\utils.py", line 103, in execute
    return super().execute(sql, params)
  File "C:\Users\KarthikKonduru\Desktop\check\venv\lib\site-packages\django\db\backends\utils.py", line 67, in execute
    return self._execute_with_wrappers(
  File "C:\Users\KarthikKonduru\Desktop\check\venv\lib\site-packages\django\db\backends\utils.py", line 80, in _execute_with_wrappers
    return executor(sql, params, many, context)
  File "C:\Users\KarthikKonduru\Desktop\check\venv\lib\site-packages\django\db\backends\utils.py", line 84, in _execute
    with self.db.wrap_database_errors:
  File "C:\Users\KarthikKonduru\Desktop\check\venv\lib\site-packages\django\db\utils.py", line 91, in __exit__
    raise dj_exc_value.with_traceback(traceback) from exc_value
  File "C:\Users\KarthikKonduru\Desktop\check\venv\lib\site-packages\django\db\backends\utils.py", line 89, in _execute
    return self.cursor.execute(sql, params)
  File "C:\Users\KarthikKonduru\Desktop\check\venv\lib\site-packages\django\db\backends\sqlite3\base.py", line 357, in execute
    return Database.Cursor.execute(self, query, params)
django.db.utils.IntegrityError: NOT NULL constraint failed: home_playeractivity.category
- Broken pipe from ('127.0.0.1', 8956)
C:\Users\KarthikKonduru\Desktop\check\SwitchTech\home\views.py changed, reloading.
Watching for file changes with StatReloader
Dashboard page is accessed!
Employee overall Progress: 12.71 %
Dashboard page is accessed
"GET /validate/dashboard/ HTTP/1.1" 200 16044
"GET /static/images/dashboard.png HTTP/1.1" 404 1819
My Learning page accessed!
Learning modules are present
"GET /mylearning/ HTTP/1.1" 200 8336
Watched timer for youtube id: YfO28Ihehbk with percentage : 33.69781438151927
"POST /save_time HTTP/1.1" 200 38
Dashboard page is accessed!
Employee overall Progress: 12.71 %
Dashboard page is accessed
"GET /validate/dashboard/ HTTP/1.1" 200 16044
"GET /static/images/dashboard.png HTTP/1.1" 404 1819
C:\Users\KarthikKonduru\Desktop\check\SwitchTech\home\views.py changed, reloading.
Watching for file changes with StatReloader
C:\Users\KarthikKonduru\Desktop\check\SwitchTech\home\views.py changed, reloading.
Watching for file changes with StatReloader
My Learning page accessed!
Learning modules are present
"GET /mylearning/ HTTP/1.1" 200 8336
Watched timer for youtube id: YfO28Ihehbk with percentage : 56.18603251333803
"POST /save_time HTTP/1.1" 200 38
Dashboard page is accessed!
Employee overall Progress: 12.71 %
Dashboard page is accessed
"GET /validate/dashboard/ HTTP/1.1" 200 16044
"GET /static/images/dashboard.png HTTP/1.1" 404 1819
C:\Users\KarthikKonduru\Desktop\check\SwitchTech\home\views.py changed, reloading.
My Learning page accessed!
Watching for file changes with StatReloader
My Learning page accessed!
Learning modules are present
"GET /mylearning/ HTTP/1.1" 200 8336
Watched timer for youtube id: YfO28Ihehbk with percentage : 48.301742908950054
"POST /save_time HTTP/1.1" 200 38
Dashboard page is accessed!
Employee overall Progress: 12.71 %
Dashboard page is accessed
"GET /validate/dashboard/ HTTP/1.1" 200 16044
"GET /static/images/dashboard.png HTTP/1.1" 404 1819
C:\Users\KarthikKonduru\Desktop\check\SwitchTech\home\views.py changed, reloading.
Watching for file changes with StatReloader
User session exists (remember me enabled), redirecting to the Dashboard page
Employee overall Progress: 12.71 %
Dashboard page is accessed
"GET / HTTP/1.1" 200 16044
"GET /static/images/dashboard.png HTTP/1.1" 404 1819
My Learning page accessed!
Learning modules are present
"GET /mylearning/ HTTP/1.1" 200 8336
Watched timer for youtube id: YfO28Ihehbk with percentage : 37.93370631632672
"POST /save_time HTTP/1.1" 200 38
Dashboard page is accessed!
Employee overall Progress: 12.71 %
Dashboard page is accessed
"GET /validate/dashboard/ HTTP/1.1" 200 16044
"GET /static/images/dashboard.png HTTP/1.1" 404 1819
C:\Users\KarthikKonduru\Desktop\check\SwitchTech\home\views.py changed, reloading.
Dashboard page is accessed!
Watching for file changes with StatReloader
Dashboard page is accessed!
Employee overall Progress: 12.71 %
Dashboard page is accessed
"GET /validate/dashboard/ HTTP/1.1" 200 16044
"GET /static/images/dashboard.png HTTP/1.1" 404 1819
My Learning page accessed!
Learning modules are present
"GET /mylearning/ HTTP/1.1" 200 8336
Dashboard page is accessed!
Employee overall Progress: 12.71 %
Dashboard page is accessed
"GET /validate/dashboard/ HTTP/1.1" 200 16044
Internal Server Error: /save_time
Traceback (most recent call last):
  File "C:\Users\KarthikKonduru\Desktop\check\venv\lib\site-packages\django\core\handlers\exception.py", line 55, in inner
    response = get_response(request)
  File "C:\Users\KarthikKonduru\Desktop\check\venv\lib\site-packages\django\core\handlers\base.py", line 197, in _get_response
    response = wrapped_callback(request, *callback_args, **callback_kwargs)
  File "C:\Users\KarthikKonduru\Desktop\check\venv\lib\site-packages\django\views\decorators\csrf.py", line 54, in wrapped_view
    return view_func(*args, **kwargs)
  File "C:\Users\KarthikKonduru\Desktop\check\SwitchTech\home\views.py", line 578, in save_time
    player_activity.save()
UnboundLocalError: local variable 'player_activity' referenced before assignment
- Broken pipe from ('127.0.0.1', 9164)
"GET /static/images/dashboard.png HTTP/1.1" 404 1819
C:\Users\KarthikKonduru\Desktop\check\SwitchTech\home\views.py changed, reloading.
Watching for file changes with StatReloader
C:\Users\KarthikKonduru\Desktop\check\SwitchTech\home\views.py changed, reloading.
Watching for file changes with StatReloader
Dashboard page is accessed!
Employee overall Progress: 12.71 %
Dashboard page is accessed
"GET /validate/dashboard/ HTTP/1.1" 200 16044
"GET /static/images/dashboard.png HTTP/1.1" 404 1819
C:\Users\KarthikKonduru\Desktop\check\SwitchTech\home\views.py changed, reloading.
Watching for file changes with StatReloader
My Learning page accessed!
Learning modules are present
"GET /mylearning/ HTTP/1.1" 200 8336
Watched timer for youtube id: YfO28Ihehbk with percentage : 51.02117743676408
"POST /save_time HTTP/1.1" 200 38
Dashboard page is accessed!
Employee overall Progress: 51.02 %
Dashboard page is accessed
"GET /validate/dashboard/ HTTP/1.1" 200 16044
"GET /static/images/dashboard.png HTTP/1.1" 404 1819
Instruction page is accessed
"GET /validate/dashboard/index/ HTTP/1.1" 200 10873
"GET /static/images/Instruction.png HTTP/1.1" 304 0
Employee still having the previous quiz timer with 0 sec
Employee agreed to terms and conditions with selected domain React, redirecting to quiz page
"GET /quiz/?category=React HTTP/1.1" 200 16096
"GET /static/images/Quiz.png HTTP/1.1" 304 0
Quiz question loaded successfully
"GET /api/get-quiz/?category=React HTTP/1.1" 200 3716
Results page accessed!
Based on employee score we are suggesting Beginner course
course url : https://www.udemy.com/course/react-tutorial-and-projects-course/
Suggested udemy course: React 18 Tutorial and Projects Course (2023)
Suggested youtube course: React Course - Beginner's Tutorial for React JavaScript Library [2022]
Youtube ID: bMknfKXIFA8
Based on quiz attempt employee got 40 score & selected domain React
"POST /api/result/ HTTP/1.1" 200 0
saving remaining time in database: 0
"POST /api/save-remaining-time/ HTTP/1.1" 200 48
Results page accessed!
Based on employee score we are suggesting Beginner course
course url : https://www.udemy.com/course/react-tutorial-and-projects-course/
Suggested udemy course: React 18 Tutorial and Projects Course (2023)
Suggested youtube course: React Course - Beginner's Tutorial for React JavaScript Library [2022]
Youtube ID: bMknfKXIFA8
Based on quiz attempt employee got 40 score & selected domain React
"POST /api/result/ HTTP/1.1" 200 0
saving remaining time in database: 0
"POST /api/save-remaining-time/ HTTP/1.1" 200 48
Employee redirect to results page with course suggestion
"GET /final/ HTTP/1.1" 200 14988
"GET /static/images/Result.png HTTP/1.1" 304 0
Watched timer for youtube id: bMknfKXIFA8 with percentage : 28.645776271897134
"POST /save_time HTTP/1.1" 200 38
Dashboard page is accessed!
Employee overall Progress: 79.67 %
Dashboard page is accessed
"GET /validate/dashboard/ HTTP/1.1" 200 16060
"GET /static/images/dashboard.png HTTP/1.1" 404 1819
My Learning page accessed!
Learning modules are present
"GET /mylearning/ HTTP/1.1" 200 10319
Watched timer for youtube id: bMknfKXIFA8 with percentage : 18.063370335146185
"POST /save_time HTTP/1.1" 200 38
Watched timer for youtube id: YfO28Ihehbk with percentage : 18.860469613938992
"POST /save_time HTTP/1.1" 200 38
Dashboard page is accessed!
Employee overall Progress: 36.92 %
Dashboard page is accessed
"GET /validate/dashboard/ HTTP/1.1" 200 16060
"GET /static/images/dashboard.png HTTP/1.1" 404 1819
My Learning page accessed!
Learning modules are present
"GET /mylearning/ HTTP/1.1" 200 10331
My Learning page accessed!
Learning modules are present
"GET /mylearning/ HTTP/1.1" 200 10331
Dashboard page is accessed!
Employee overall Progress: 36.92 %
Dashboard page is accessed
"GET /validate/dashboard/ HTTP/1.1" 200 16060
"GET /static/images/dashboard.png HTTP/1.1" 404 1819
My Learning page accessed!
Learning modules are present
"GET /mylearning/ HTTP/1.1" 200 10331
Watched timer for youtube id: YfO28Ihehbk with percentage : 25.621784395628765
"POST /save_time HTTP/1.1" 200 38
Watched timer for youtube id: bMknfKXIFA8 with percentage : 39.070128215176815
"POST /save_time HTTP/1.1" 200 38
Dashboard page is accessed!
Employee overall Progress: 64.69 %
Dashboard page is accessed
"GET /validate/dashboard/ HTTP/1.1" 200 16060
"GET /static/images/dashboard.png HTTP/1.1" 404 1819
Instruction page is accessed
"GET /validate/dashboard/index/ HTTP/1.1" 200 10873
"GET /static/images/Instruction.png HTTP/1.1" 304 0
Watching for file changes with StatReloader
User session exists (remember me enabled), redirecting to the Dashboard page
Employee overall Progress: 64.69 %
Dashboard page is accessed
"GET / HTTP/1.1" 200 16060
"GET /static/images/dashboard.png HTTP/1.1" 404 1819
Watching for file changes with StatReloader
User session exists (remember me enabled), redirecting to the Dashboard page
Employee overall Progress: 64.69 %
Dashboard page is accessed
"GET / HTTP/1.1" 200 16060
"GET /static/images/dashboard.png HTTP/1.1" 404 1819
My Learning page accessed!
Learning modules are present
"GET /mylearning/ HTTP/1.1" 200 10327
Watched timer for youtube id: YfO28Ihehbk with percentage : 3.2496885478973168
"POST /save_time HTTP/1.1" 200 38
Watched timer for youtube id: bMknfKXIFA8 with percentage : 5.7137205819562205
"POST /save_time HTTP/1.1" 200 38
Dashboard page is accessed!
Employee overall Progress: 8.96 %
Dashboard page is accessed
"GET /validate/dashboard/ HTTP/1.1" 200 16058
"GET /static/images/dashboard.png HTTP/1.1" 404 1819
History page is accessed!
Employee previous quiz history present
Employee previous quiz score: 40
Employee previous quiz attempt date: 2023-07-11 10:19:42.069888+05:30
Employee previous attempted quiz domain: React
Based on employee score we are suggesting Beginner course
course url : https://www.udemy.com/course/react-tutorial-and-projects-course/
Suggested udemy course: React 18 Tutorial and Projects Course (2023)
Suggested youtube course: React Course - Beginner's Tutorial for React JavaScript Library [2022]
Youtube ID: bMknfKXIFA8
Employee previous quiz score: 40
Employee previous quiz attempt date: 2023-07-11 10:19:27.858227+05:30
Employee previous attempted quiz domain: React
Based on employee score we are suggesting Beginner course
course url : https://www.udemy.com/course/react-tutorial-and-projects-course/
Suggested udemy course: React 18 Tutorial and Projects Course (2023)
Suggested youtube course: React Course - Beginner's Tutorial for React JavaScript Library [2022]
Youtube ID: bMknfKXIFA8
Employee previous quiz score: 50
Employee previous quiz attempt date: 2023-07-11 09:57:04.557609+05:30
Employee previous attempted quiz domain: Python
Based on employee score we are suggesting Beginner course
course url : https://www.udemy.com/course/100-days-of-code/
Suggested udemy course: 100 Days of Code: The Complete Python Pro Bootcamp for 2023
Suggested youtube course: Python for Beginners | Full Course
Youtube ID: YfO28Ihehbk
"GET /history/ HTTP/1.1" 200 4356
Watching for file changes with StatReloader
User session exists (remember me enabled), redirecting to the Dashboard page
Employee overall Progress: 8.96 %
Dashboard page is accessed
"GET / HTTP/1.1" 200 16058
"GET /static/images/dashboard.png HTTP/1.1" 404 1819
My Learning page accessed!
Learning modules are present
"GET /mylearning/ HTTP/1.1" 200 10329
Watched timer for youtube id: YfO28Ihehbk with percentage : 22.374125664093096
"POST /save_time HTTP/1.1" 200 38
Watched timer for youtube id: bMknfKXIFA8 with percentage : 42.949547970059264
"POST /save_time HTTP/1.1" 200 38
Dashboard page is accessed!
Employee overall Progress: 65.32000000000001 %
Dashboard page is accessed
"GET /validate/dashboard/ HTTP/1.1" 200 16060
"GET /static/images/dashboard.png HTTP/1.1" 404 1819
Instruction page is accessed
"GET /validate/dashboard/index/ HTTP/1.1" 200 10873
"GET /static/images/Instruction.png HTTP/1.1" 304 0
Employee still having the previous quiz timer with 0 sec
Employee agreed to terms and conditions with selected domain Oracle, redirecting to quiz page
"GET /quiz/?category=Oracle HTTP/1.1" 200 16099
"GET /static/images/Quiz.png HTTP/1.1" 304 0
Quiz question loaded successfully
"GET /api/get-quiz/?category=Oracle HTTP/1.1" 200 4259
Results page accessed!
Based on employee score we are suggesting Beginner course
course url : https://www.udemy.com/course/1z0-071-learn-oracle-sql-database-using-developer/
Suggested udemy course: 1Z0-071 Oracle SQL Developer: Certified Associate (Database)
Suggested youtube course: SQL Full Course In 10 Hours [2023]
Youtube ID: q_JsgpiuY98
Based on quiz attempt employee got 20 score & selected domain Oracle
"POST /api/result/ HTTP/1.1" 200 0
saving remaining time in database: 46
"POST /api/save-remaining-time/ HTTP/1.1" 200 48
Employee redirect to results page with course suggestion
"GET /final/ HTTP/1.1" 200 15022
"GET /static/images/Result.png HTTP/1.1" 304 0
Watched timer for youtube id: q_JsgpiuY98 with percentage : 39.24915818758168
"POST /save_time HTTP/1.1" 200 38
Dashboard page is accessed!
Employee overall Progress: 104.57000000000001 %
Dashboard page is accessed
"GET /validate/dashboard/ HTTP/1.1" 200 16077
"GET /static/images/dashboard.png HTTP/1.1" 404 1819
My Learning page accessed!
Learning modules are present
"GET /mylearning/ HTTP/1.1" 200 12298
Watched timer for youtube id: YfO28Ihehbk with percentage : 14.642880028073147
"POST /save_time HTTP/1.1" 200 38
Watched timer for youtube id: bMknfKXIFA8 with percentage : 28.106152273519285
"POST /save_time HTTP/1.1" 200 38
Dashboard page is accessed!
Watched timer for youtube id: q_JsgpiuY98 with percentage : 13.567180142554525
"POST /save_time HTTP/1.1" 200 38
Employee overall Progress: 56.32 %
Dashboard page is accessed
"GET /validate/dashboard/ HTTP/1.1" 200 16077
"GET /static/images/dashboard.png HTTP/1.1" 404 1819
Instruction page is accessed
"GET /validate/dashboard/index/ HTTP/1.1" 200 10873
Employee still having the previous quiz timer with 0 sec
Employee agreed to terms and conditions with selected domain Power BI, redirecting to quiz page
"GET /quiz/?category=Power%20BI HTTP/1.1" 200 16105
Quiz question loaded successfully
"GET /api/get-quiz/?category=Power%20BI HTTP/1.1" 200 4309
Results page accessed!
Based on employee score we are suggesting Beginner course
course url : https://www.udemy.com/course/microsoft-power-bi-up-running-with-power-bi-desktop/
Suggested udemy course: Microsoft Power BI Desktop for Business Intelligence (2023)
Suggested youtube course: Power BI Full Course - Learn Power BI in 4 Hours | Power BI Tutorial for Beginners | Edureka
Youtube ID: 3u7MQz1EyPY
Based on quiz attempt employee got 0 score & selected domain Power BI
"POST /api/result/ HTTP/1.1" 200 0
saving remaining time in database: 56
"POST /api/save-remaining-time/ HTTP/1.1" 200 48
Employee redirect to results page with course suggestion
"GET /final/ HTTP/1.1" 200 15032
Watched timer for youtube id: 3u7MQz1EyPY with percentage : 1.2112077137115473
"POST /save_time HTTP/1.1" 200 38
Dashboard page is accessed!
Employee overall Progress: 42.89 %
Dashboard page is accessed
"GET /validate/dashboard/ HTTP/1.1" 200 16078
"GET /static/images/dashboard.png HTTP/1.1" 404 1819
My Learning page accessed!
Learning modules are present
"GET /mylearning/ HTTP/1.1" 200 12310
C:\Users\KarthikKonduru\Desktop\check\SwitchTech\home\views.py changed, reloading.
Watching for file changes with StatReloader
Dashboard page is accessed!
Employee overall Progress: 42.89 %
Dashboard page is accessed
"GET /validate/dashboard/ HTTP/1.1" 200 16078
"GET /static/images/dashboard.png HTTP/1.1" 404 1819
My Learning page accessed!
Learning modules are present
"GET /mylearning/ HTTP/1.1" 200 12294
Watched timer for youtube id: 3u7MQz1EyPY with percentage : 0.17434889207647275
"POST /save_time HTTP/1.1" 200 38
Watched timer for youtube id: q_JsgpiuY98 with percentage : 15.374866835029199
"POST /save_time HTTP/1.1" 200 38
Watched timer for youtube id: bMknfKXIFA8 with percentage : 31.847207931155836
"POST /save_time HTTP/1.1" 200 38
Dashboard page is accessed!
Employee overall Progress: 47.39 %
Dashboard page is accessed
"GET /validate/dashboard/ HTTP/1.1" 200 16078
"GET /static/images/dashboard.png HTTP/1.1" 404 1819
History page is accessed!
Employee previous quiz history present
Employee previous quiz score: 0
Employee previous quiz attempt date: 2023-07-11 10:51:52.285752+05:30
Employee previous attempted quiz domain: Power BI
Based on employee score we are suggesting Beginner course
course url : https://www.udemy.com/course/microsoft-power-bi-up-running-with-power-bi-desktop/
Suggested udemy course: Microsoft Power BI Desktop for Business Intelligence (2023)
Suggested youtube course: Power BI Full Course - Learn Power BI in 4 Hours | Power BI Tutorial for Beginners | Edureka
Youtube ID: 3u7MQz1EyPY
Employee previous quiz score: 20
Employee previous quiz attempt date: 2023-07-11 10:50:12.169652+05:30
Employee previous attempted quiz domain: Oracle
Based on employee score we are suggesting Beginner course
course url : https://www.udemy.com/course/1z0-071-learn-oracle-sql-database-using-developer/
Suggested udemy course: 1Z0-071 Oracle SQL Developer: Certified Associate (Database)
Suggested youtube course: SQL Full Course In 10 Hours [2023]
Youtube ID: q_JsgpiuY98
Employee previous quiz score: 40
Employee previous quiz attempt date: 2023-07-11 10:19:42.069888+05:30
Employee previous attempted quiz domain: React
Based on employee score we are suggesting Beginner course
course url : https://www.udemy.com/course/react-tutorial-and-projects-course/
Suggested udemy course: React 18 Tutorial and Projects Course (2023)
Suggested youtube course: React Course - Beginner's Tutorial for React JavaScript Library [2022]
Youtube ID: bMknfKXIFA8
"GET /history/ HTTP/1.1" 200 4476
